{"level":"info","path":"fastsync/.temp/","time":"2025-07-22T13:51:58+05:30","message":"Checking for leftover temporary files..."}
{"level":"info","time":"2025-07-22T13:51:58+05:30","message":"Block propagation system initialized"}
{"level":"info","database":"defaultdb","time":"2025-07-22T13:51:58+05:30","message":"Main ImmuDB client initialized"}
{"level":"info","time":"2025-07-22T13:51:58+05:30","message":"Authenticating with ImmuDB for accounts database"}
{"level":"info","database":"accountsdb","time":"2025-07-22T13:51:58+05:30","message":"Checking if accounts database exists"}
{"level":"info","database":"accountsdb","time":"2025-07-22T13:51:58+05:30","message":"Accounts database already exists"}
{"level":"info","database":"accountsdb","time":"2025-07-22T13:51:58+05:30","message":"Selecting accounts database"}
{"level":"info","database":"accountsdb","time":"2025-07-22T13:51:58+05:30","message":"Successfully connected to accounts database"}
{"level":"info","database":"accountsdb","time":"2025-07-22T13:51:58+05:30","message":"DID/Accounts ImmuDB client initialized"}
{"level":"info","time":"2025-07-22T13:51:58+05:30","message":"FastSync initialized with multi-database support"}
{"level":"info","time":"2025-07-22T13:51:58+05:30","message":"FastSync service initialized with multi-database support"}
{"level":"info","port":15001,"time":"2025-07-22T13:51:58+05:30","message":"Started Yggdrasil message listener"}
{"level":"info","time":"2025-07-22T13:51:58+05:30","message":"Yggdrasil messaging enabled on port 15001"}
{"level":"debug","time":"2025-07-22T13:51:58+05:30","message":"Error getting tun0 IPv6 address: could not find tun0 interface: route ip+net: no such network interface"}
{"level":"info","address":"0.0.0.0:15052","time":"2025-07-22T13:51:58+05:30","message":"Starting DID gRPC server"}
{"level":"info","time":"2025-07-22T13:51:58+05:30","message":"Starting block generator on port 15050"}
{"level":"info","time":"2025-07-22T13:51:58+05:30","message":"DID propagation system initialized with existing database client"}
{"level":"info","time":"2025-07-22T13:51:58+05:30","message":"DID propagation initialized successfully"}
{"level":"info","address":"0.0.0.0:15052","standalone":false,"time":"2025-07-22T13:51:58+05:30","message":"Starting DID gRPC server"}
{"level":"info","time":"2025-07-22T13:51:58+05:30","message":"Starting blockchain explorer on port 8085"}
{"level":"info","time":"2025-07-22T13:51:58+05:30","message":"Starting ImmuDB API on port 8090"}
{"level":"info","address":":8090","time":"2025-07-22T13:51:58+05:30","message":"Starting ImmuDB API server"}
{"level":"info","addr":":8090","time":"2025-07-22T13:51:58+05:30","message":"Starting ImmuDB API server"}
{"level":"info","address":":8085","time":"2025-07-22T13:51:58+05:30","message":"Starting ImmuDB Explorer server"}
{"level":"debug","error":"accept tcp6 [::]:15001: i/o timeout","time":"2025-07-22T13:51:59+05:30","message":"Temporary error accepting Yggdrasil connection"}
{"level":"debug","time":"2025-07-22T13:52:00+05:30","message":"Refreshing DID statistics..."}
{"level":"debug","error":"accept tcp6 [::]:15001: i/o timeout","time":"2025-07-22T13:52:00+05:30","message":"Temporary error accepting Yggdrasil connection"}
{"level":"debug","count":26,"time":"2025-07-22T13:52:00+05:30","message":"Successfully retrieved DIDs for stats"}
{"level":"info","total_dids":26,"total_balance":"200","time":"2025-07-22T13:52:00+05:30","message":"DID statistics updated successfully"}
{"level":"info","time":"2025-07-22T13:52:00+05:30","message":"Initial DID statistics refresh completed"}
{"level":"debug","error":"accept tcp6 [::]:15001: i/o timeout","time":"2025-07-22T13:52:01+05:30","message":"Temporary error accepting Yggdrasil connection"}
{"level":"debug","error":"accept tcp6 [::]:15001: i/o timeout","time":"2025-07-22T13:52:02+05:30","message":"Temporary error accepting Yggdrasil connection"}
{"level":"debug","error":"accept tcp6 [::]:15001: i/o timeout","time":"2025-07-22T13:52:03+05:30","message":"Temporary error accepting Yggdrasil connection"}
{"level":"debug","error":"accept tcp6 [::]:15001: i/o timeout","time":"2025-07-22T13:52:05+05:30","message":"Temporary error accepting Yggdrasil connection"}
{"level":"debug","error":"accept tcp6 [::]:15001: i/o timeout","time":"2025-07-22T13:52:06+05:30","message":"Temporary error accepting Yggdrasil connection"}
{"level":"debug","error":"accept tcp6 [::]:15001: i/o timeout","time":"2025-07-22T13:52:07+05:30","message":"Temporary error accepting Yggdrasil connection"}
{"level":"debug","error":"accept tcp6 [::]:15001: i/o timeout","time":"2025-07-22T13:52:08+05:30","message":"Temporary error accepting Yggdrasil connection"}
{"level":"debug","error":"accept tcp6 [::]:15001: i/o timeout","time":"2025-07-22T13:52:09+05:30","message":"Temporary error accepting Yggdrasil connection"}
{"level":"debug","error":"accept tcp6 [::]:15001: i/o timeout","time":"2025-07-22T13:52:10+05:30","message":"Temporary error accepting Yggdrasil connection"}
{"level":"debug","error":"accept tcp6 [::]:15001: i/o timeout","time":"2025-07-22T13:52:11+05:30","message":"Temporary error accepting Yggdrasil connection"}
{"level":"debug","error":"accept tcp6 [::]:15001: i/o timeout","time":"2025-07-22T13:52:12+05:30","message":"Temporary error accepting Yggdrasil connection"}
{"level":"debug","error":"accept tcp6 [::]:15001: i/o timeout","time":"2025-07-22T13:52:13+05:30","message":"Temporary error accepting Yggdrasil connection"}
{"level":"debug","error":"accept tcp6 [::]:15001: i/o timeout","time":"2025-07-22T13:52:14+05:30","message":"Temporary error accepting Yggdrasil connection"}
{"level":"debug","error":"accept tcp6 [::]:15001: i/o timeout","time":"2025-07-22T13:52:16+05:30","message":"Temporary error accepting Yggdrasil connection"}
{"level":"debug","error":"accept tcp6 [::]:15001: i/o timeout","time":"2025-07-22T13:52:17+05:30","message":"Temporary error accepting Yggdrasil connection"}
{"level":"debug","error":"accept tcp6 [::]:15001: i/o timeout","time":"2025-07-22T13:52:18+05:30","message":"Temporary error accepting Yggdrasil connection"}
{"level":"info","peer":"12D3KooWFQjiGNhAKJzg29Nghym2Pb3LD6uoK8Dk4jvVxRHxoPZt","time":"2025-07-22T13:52:18+05:30","message":"Starting sync with peer"}
{"level":"info","time":"2025-07-22T13:52:18+05:30","message":"Phase 1: Negotiating IBLT parameters..."}
{"level":"debug","bytes":673,"time":"2025-07-22T13:52:18+05:30","message":"Read message data"}
{"level":"info","mainM":10,"mainK":3,"accountsM":29786,"accountsK":3,"time":"2025-07-22T13:52:18+05:30","message":"IBLT parameters negotiated."}
{"level":"info","time":"2025-07-22T13:52:18+05:30","message":"Phase 2: Exchanging IBLTs..."}
{"level":"debug","error":"accept tcp6 [::]:15001: i/o timeout","time":"2025-07-22T13:52:19+05:30","message":"Temporary error accepting Yggdrasil connection"}
{"level":"debug","error":"accept tcp6 [::]:15001: i/o timeout","time":"2025-07-22T13:52:20+05:30","message":"Temporary error accepting Yggdrasil connection"}
{"level":"debug","error":"accept tcp6 [::]:15001: i/o timeout","time":"2025-07-22T13:52:21+05:30","message":"Temporary error accepting Yggdrasil connection"}
{"level":"debug","error":"accept tcp6 [::]:15001: i/o timeout","time":"2025-07-22T13:52:22+05:30","message":"Temporary error accepting Yggdrasil connection"}
{"level":"debug","error":"accept tcp6 [::]:15001: i/o timeout","time":"2025-07-22T13:52:23+05:30","message":"Temporary error accepting Yggdrasil connection"}
{"level":"debug","error":"accept tcp6 [::]:15001: i/o timeout","time":"2025-07-22T13:52:24+05:30","message":"Temporary error accepting Yggdrasil connection"}
{"level":"debug","error":"accept tcp6 [::]:15001: i/o timeout","time":"2025-07-22T13:52:25+05:30","message":"Temporary error accepting Yggdrasil connection"}
{"level":"debug","error":"accept tcp6 [::]:15001: i/o timeout","time":"2025-07-22T13:52:27+05:30","message":"Temporary error accepting Yggdrasil connection"}
{"level":"debug","bytes":296,"time":"2025-07-22T13:52:28+05:30","message":"Read message data"}
{"level":"debug","error":"accept tcp6 [::]:15001: i/o timeout","time":"2025-07-22T13:52:28+05:30","message":"Temporary error accepting Yggdrasil connection"}
{"level":"debug","error":"accept tcp6 [::]:15001: i/o timeout","time":"2025-07-22T13:52:29+05:30","message":"Temporary error accepting Yggdrasil connection"}
{"level":"info","peer":"12D3KooWFQjiGNhAKJzg29Nghym2Pb3LD6uoK8Dk4jvVxRHxoPZt","time":"2025-07-22T13:52:30+05:30","message":"Starting sync with peer"}
{"level":"info","time":"2025-07-22T13:52:30+05:30","message":"Phase 1: Negotiating IBLT parameters..."}
{"level":"debug","error":"accept tcp6 [::]:15001: i/o timeout","time":"2025-07-22T13:52:30+05:30","message":"Temporary error accepting Yggdrasil connection"}
{"level":"debug","bytes":673,"time":"2025-07-22T13:52:31+05:30","message":"Read message data"}
{"level":"info","mainM":10,"mainK":3,"accountsM":29786,"accountsK":3,"time":"2025-07-22T13:52:31+05:30","message":"IBLT parameters negotiated."}
{"level":"debug","error":"accept tcp6 [::]:15001: i/o timeout","time":"2025-07-22T13:52:31+05:30","message":"Temporary error accepting Yggdrasil connection"}
{"level":"info","time":"2025-07-22T13:52:31+05:30","message":"Phase 2: Exchanging IBLTs..."}
{"level":"debug","error":"accept tcp6 [::]:15001: i/o timeout","time":"2025-07-22T13:52:32+05:30","message":"Temporary error accepting Yggdrasil connection"}
{"level":"debug","error":"accept tcp6 [::]:15001: i/o timeout","time":"2025-07-22T13:52:33+05:30","message":"Temporary error accepting Yggdrasil connection"}
{"level":"debug","error":"accept tcp6 [::]:15001: i/o timeout","time":"2025-07-22T13:52:34+05:30","message":"Temporary error accepting Yggdrasil connection"}
{"level":"debug","error":"accept tcp6 [::]:15001: i/o timeout","time":"2025-07-22T13:52:35+05:30","message":"Temporary error accepting Yggdrasil connection"}
{"level":"debug","error":"accept tcp6 [::]:15001: i/o timeout","time":"2025-07-22T13:52:37+05:30","message":"Temporary error accepting Yggdrasil connection"}
{"level":"debug","error":"accept tcp6 [::]:15001: i/o timeout","time":"2025-07-22T13:52:38+05:30","message":"Temporary error accepting Yggdrasil connection"}
{"level":"debug","error":"accept tcp6 [::]:15001: i/o timeout","time":"2025-07-22T13:52:39+05:30","message":"Temporary error accepting Yggdrasil connection"}
{"level":"debug","error":"accept tcp6 [::]:15001: i/o timeout","time":"2025-07-22T13:52:40+05:30","message":"Temporary error accepting Yggdrasil connection"}
{"level":"debug","bytes":296,"time":"2025-07-22T13:52:40+05:30","message":"Read message data"}
{"level":"debug","error":"accept tcp6 [::]:15001: i/o timeout","time":"2025-07-22T13:52:41+05:30","message":"Temporary error accepting Yggdrasil connection"}
{"level":"debug","error":"accept tcp6 [::]:15001: i/o timeout","time":"2025-07-22T13:52:42+05:30","message":"Temporary error accepting Yggdrasil connection"}
{"level":"info","peer":"12D3KooWFQjiGNhAKJzg29Nghym2Pb3LD6uoK8Dk4jvVxRHxoPZt","time":"2025-07-22T13:52:42+05:30","message":"Starting sync with peer"}
{"level":"info","time":"2025-07-22T13:52:42+05:30","message":"Phase 1: Negotiating IBLT parameters..."}
{"level":"debug","bytes":673,"time":"2025-07-22T13:52:43+05:30","message":"Read message data"}
{"level":"info","mainM":10,"mainK":3,"accountsM":29786,"accountsK":3,"time":"2025-07-22T13:52:43+05:30","message":"IBLT parameters negotiated."}
{"level":"info","time":"2025-07-22T13:52:43+05:30","message":"Phase 2: Exchanging IBLTs..."}
{"level":"debug","error":"accept tcp6 [::]:15001: i/o timeout","time":"2025-07-22T13:52:43+05:30","message":"Temporary error accepting Yggdrasil connection"}
{"level":"debug","error":"accept tcp6 [::]:15001: i/o timeout","time":"2025-07-22T13:52:44+05:30","message":"Temporary error accepting Yggdrasil connection"}
{"level":"debug","error":"accept tcp6 [::]:15001: i/o timeout","time":"2025-07-22T13:52:45+05:30","message":"Temporary error accepting Yggdrasil connection"}
{"level":"debug","error":"accept tcp6 [::]:15001: i/o timeout","time":"2025-07-22T13:52:46+05:30","message":"Temporary error accepting Yggdrasil connection"}
{"level":"debug","error":"accept tcp6 [::]:15001: i/o timeout","time":"2025-07-22T13:52:48+05:30","message":"Temporary error accepting Yggdrasil connection"}
{"level":"debug","error":"accept tcp6 [::]:15001: i/o timeout","time":"2025-07-22T13:52:49+05:30","message":"Temporary error accepting Yggdrasil connection"}
{"level":"debug","error":"accept tcp6 [::]:15001: i/o timeout","time":"2025-07-22T13:52:50+05:30","message":"Temporary error accepting Yggdrasil connection"}
{"level":"debug","error":"accept tcp6 [::]:15001: i/o timeout","time":"2025-07-22T13:52:51+05:30","message":"Temporary error accepting Yggdrasil connection"}
{"level":"debug","bytes":296,"time":"2025-07-22T13:52:52+05:30","message":"Read message data"}
{"level":"debug","error":"accept tcp6 [::]:15001: i/o timeout","time":"2025-07-22T13:52:52+05:30","message":"Temporary error accepting Yggdrasil connection"}
{"level":"debug","error":"accept tcp6 [::]:15001: i/o timeout","time":"2025-07-22T13:52:53+05:30","message":"Temporary error accepting Yggdrasil connection"}
{"level":"debug","error":"accept tcp6 [::]:15001: i/o timeout","time":"2025-07-22T13:52:54+05:30","message":"Temporary error accepting Yggdrasil connection"}
{"level":"debug","error":"accept tcp6 [::]:15001: i/o timeout","time":"2025-07-22T13:52:55+05:30","message":"Temporary error accepting Yggdrasil connection"}
{"level":"debug","error":"accept tcp6 [::]:15001: i/o timeout","time":"2025-07-22T13:52:56+05:30","message":"Temporary error accepting Yggdrasil connection"}
{"level":"debug","error":"accept tcp6 [::]:15001: i/o timeout","time":"2025-07-22T13:52:57+05:30","message":"Temporary error accepting Yggdrasil connection"}
{"level":"debug","error":"accept tcp6 [::]:15001: i/o timeout","time":"2025-07-22T13:52:59+05:30","message":"Temporary error accepting Yggdrasil connection"}
{"level":"debug","error":"accept tcp6 [::]:15001: i/o timeout","time":"2025-07-22T13:53:00+05:30","message":"Temporary error accepting Yggdrasil connection"}
{"level":"debug","error":"accept tcp6 [::]:15001: i/o timeout","time":"2025-07-22T13:53:01+05:30","message":"Temporary error accepting Yggdrasil connection"}
{"level":"debug","error":"accept tcp6 [::]:15001: i/o timeout","time":"2025-07-22T13:53:02+05:30","message":"Temporary error accepting Yggdrasil connection"}
{"level":"debug","error":"accept tcp6 [::]:15001: i/o timeout","time":"2025-07-22T13:53:03+05:30","message":"Temporary error accepting Yggdrasil connection"}
{"level":"debug","error":"accept tcp6 [::]:15001: i/o timeout","time":"2025-07-22T13:53:04+05:30","message":"Temporary error accepting Yggdrasil connection"}
{"level":"debug","error":"accept tcp6 [::]:15001: i/o timeout","time":"2025-07-22T13:53:05+05:30","message":"Temporary error accepting Yggdrasil connection"}
{"level":"debug","error":"accept tcp6 [::]:15001: i/o timeout","time":"2025-07-22T13:53:06+05:30","message":"Temporary error accepting Yggdrasil connection"}
{"level":"debug","error":"accept tcp6 [::]:15001: i/o timeout","time":"2025-07-22T13:53:07+05:30","message":"Temporary error accepting Yggdrasil connection"}
{"level":"debug","error":"accept tcp6 [::]:15001: i/o timeout","time":"2025-07-22T13:53:08+05:30","message":"Temporary error accepting Yggdrasil connection"}
{"level":"debug","error":"accept tcp6 [::]:15001: i/o timeout","time":"2025-07-22T13:53:10+05:30","message":"Temporary error accepting Yggdrasil connection"}
{"level":"debug","error":"accept tcp6 [::]:15001: i/o timeout","time":"2025-07-22T13:53:11+05:30","message":"Temporary error accepting Yggdrasil connection"}
