{"level":"info","time":"2025-03-05T11:40:03+05:30","caller":"/home/neeraj/Codes/P2P-Communication/logging/log.go:48","message":"Logger initialized"}
{"level":"info","time":"2025-03-05T11:48:23+05:30","caller":"/home/neeraj/Codes/P2P-Communication/logging/log.go:48","message":"Logger initialized"}
{"level":"info","time":"2025-03-05T12:46:17+05:30","caller":"/home/neeraj/Codes/P2P-Communication/logging/log.go:61","message":"Logger initialized"}
{"level":"info","log_file":"logs/p2p-node-2025-03-05.log","time":"2025-03-05T12:46:17+05:30","caller":"/home/neeraj/Codes/P2P-Communication/logging/log.go:64","message":"Logging to file"}
{"level":"info","component":"node_manager","time":"2025-03-05T12:46:17+05:30","caller":"/home/neeraj/Codes/P2P-Communication/node/nodemanager.go:82","message":"Initializing Node Manager"}
{"level":"info","component":"node_manager","managed_peers":0,"time":"2025-03-05T12:46:17+05:30","caller":"/home/neeraj/Codes/P2P-Communication/node/nodemanager.go:110","message":"Node Manager initialized"}
{"level":"info","component":"node_manager","managed_peers":0,"connected_peers":1,"time":"2025-03-05T12:46:47+05:30","caller":"/home/neeraj/Codes/P2P-Communication/node/nodemanager.go:713","message":"Starting heartbeat cycle"}
{"level":"info","component":"node_manager","active_peers":0,"total_peers":0,"time":"2025-03-05T12:46:47+05:30","caller":"/home/neeraj/Codes/P2P-Communication/node/nodemanager.go:798","message":"Heartbeat cycle completed"}
{"level":"info","component":"node_manager","managed_peers":0,"connected_peers":1,"time":"2025-03-05T12:47:17+05:30","caller":"/home/neeraj/Codes/P2P-Communication/node/nodemanager.go:713","message":"Starting heartbeat cycle"}
{"level":"info","component":"node_manager","active_peers":0,"total_peers":0,"time":"2025-03-05T12:47:17+05:30","caller":"/home/neeraj/Codes/P2P-Communication/node/nodemanager.go:798","message":"Heartbeat cycle completed"}
{"level":"info","time":"2025-03-05T12:47:52+05:30","caller":"/home/neeraj/Codes/P2P-Communication/logging/log.go:61","message":"Logger initialized"}
{"level":"info","log_file":"logs/p2p-node-2025-03-05.log","time":"2025-03-05T12:47:52+05:30","caller":"/home/neeraj/Codes/P2P-Communication/logging/log.go:64","message":"Logging to file"}
{"level":"info","component":"node_manager","time":"2025-03-05T12:47:52+05:30","caller":"/home/neeraj/Codes/P2P-Communication/node/nodemanager.go:82","message":"Initializing Node Manager"}
{"level":"info","component":"node_manager","managed_peers":0,"time":"2025-03-05T12:47:52+05:30","caller":"/home/neeraj/Codes/P2P-Communication/node/nodemanager.go:110","message":"Node Manager initialized"}
{"level":"info","component":"node_manager","managed_peers":1,"connected_peers":1,"time":"2025-03-05T12:48:22+05:30","caller":"/home/neeraj/Codes/P2P-Communication/node/nodemanager.go:713","message":"Starting heartbeat cycle"}
{"level":"debug","component":"node_manager","peer_id":"12D3KooWQ2BLoW71ZPQkvEijvVZZuqAyC4SwUQksHR2crGMCsdZQ","time":"2025-03-05T12:48:22+05:30","caller":"/home/neeraj/Codes/P2P-Communication/node/nodemanager.go:739","message":"Sending heartbeat"}
{"level":"debug","component":"node_manager","peer_id":"12D3KooWQ2BLoW71ZPQkvEijvVZZuqAyC4SwUQksHR2crGMCsdZQ","time":"2025-03-05T12:48:22+05:30","caller":"/home/neeraj/Codes/P2P-Communication/node/nodemanager.go:665","message":"Attempting to connect"}
{"level":"debug","component":"node_manager","peer_id":"12D3KooWQ2BLoW71ZPQkvEijvVZZuqAyC4SwUQksHR2crGMCsdZQ","time":"2025-03-05T12:48:22+05:30","caller":"/home/neeraj/Codes/P2P-Communication/node/nodemanager.go:681","message":"Sending heartbeat message"}
{"level":"debug","component":"node_manager","peer_id":"12D3KooWQ2BLoW71ZPQkvEijvVZZuqAyC4SwUQksHR2crGMCsdZQ","time":"2025-03-05T12:48:22+05:30","caller":"/home/neeraj/Codes/P2P-Communication/node/nodemanager.go:692","message":"Waiting for heartbeat response"}
{"level":"error","component":"node_manager","peer_id":"12D3KooWQ2BLoW71ZPQkvEijvVZZuqAyC4SwUQksHR2crGMCsdZQ","error":"EOF","time":"2025-03-05T12:48:22+05:30","caller":"/home/neeraj/Codes/P2P-Communication/node/nodemanager.go:695","message":"Failed to read heartbeat response"}
{"level":"warn","component":"node_manager","peer_id":"12D3KooWQ2BLoW71ZPQkvEijvVZZuqAyC4SwUQksHR2crGMCsdZQ","failures":1,"error":"failed to read heartbeat response: EOF","latency_seconds":0.0098559,"time":"2025-03-05T12:48:22+05:30","caller":"/home/neeraj/Codes/P2P-Communication/node/nodemanager.go:752","message":"Heartbeat failed"}
{"level":"info","component":"node_manager","active_peers":0,"total_peers":1,"time":"2025-03-05T12:48:22+05:30","caller":"/home/neeraj/Codes/P2P-Communication/node/nodemanager.go:798","message":"Heartbeat cycle completed"}
{"level":"info","component":"node_manager","managed_peers":1,"connected_peers":1,"time":"2025-03-05T12:48:52+05:30","caller":"/home/neeraj/Codes/P2P-Communication/node/nodemanager.go:713","message":"Starting heartbeat cycle"}
{"level":"debug","component":"node_manager","peer_id":"12D3KooWQ2BLoW71ZPQkvEijvVZZuqAyC4SwUQksHR2crGMCsdZQ","time":"2025-03-05T12:48:52+05:30","caller":"/home/neeraj/Codes/P2P-Communication/node/nodemanager.go:739","message":"Sending heartbeat"}
{"level":"debug","component":"node_manager","peer_id":"12D3KooWQ2BLoW71ZPQkvEijvVZZuqAyC4SwUQksHR2crGMCsdZQ","time":"2025-03-05T12:48:52+05:30","caller":"/home/neeraj/Codes/P2P-Communication/node/nodemanager.go:665","message":"Attempting to connect"}
{"level":"debug","component":"node_manager","peer_id":"12D3KooWQ2BLoW71ZPQkvEijvVZZuqAyC4SwUQksHR2crGMCsdZQ","time":"2025-03-05T12:48:52+05:30","caller":"/home/neeraj/Codes/P2P-Communication/node/nodemanager.go:681","message":"Sending heartbeat message"}
{"level":"debug","component":"node_manager","peer_id":"12D3KooWQ2BLoW71ZPQkvEijvVZZuqAyC4SwUQksHR2crGMCsdZQ","time":"2025-03-05T12:48:52+05:30","caller":"/home/neeraj/Codes/P2P-Communication/node/nodemanager.go:692","message":"Waiting for heartbeat response"}
{"level":"error","component":"node_manager","peer_id":"12D3KooWQ2BLoW71ZPQkvEijvVZZuqAyC4SwUQksHR2crGMCsdZQ","error":"EOF","time":"2025-03-05T12:48:52+05:30","caller":"/home/neeraj/Codes/P2P-Communication/node/nodemanager.go:695","message":"Failed to read heartbeat response"}
{"level":"warn","component":"node_manager","peer_id":"12D3KooWQ2BLoW71ZPQkvEijvVZZuqAyC4SwUQksHR2crGMCsdZQ","failures":2,"error":"failed to read heartbeat response: EOF","latency_seconds":0.026202778,"time":"2025-03-05T12:48:52+05:30","caller":"/home/neeraj/Codes/P2P-Communication/node/nodemanager.go:752","message":"Heartbeat failed"}
{"level":"info","component":"node_manager","active_peers":0,"total_peers":1,"time":"2025-03-05T12:48:52+05:30","caller":"/home/neeraj/Codes/P2P-Communication/node/nodemanager.go:798","message":"Heartbeat cycle completed"}
{"level":"info","component":"node_manager","managed_peers":1,"connected_peers":1,"time":"2025-03-05T12:49:22+05:30","caller":"/home/neeraj/Codes/P2P-Communication/node/nodemanager.go:713","message":"Starting heartbeat cycle"}
{"level":"debug","component":"node_manager","peer_id":"12D3KooWQ2BLoW71ZPQkvEijvVZZuqAyC4SwUQksHR2crGMCsdZQ","time":"2025-03-05T12:49:22+05:30","caller":"/home/neeraj/Codes/P2P-Communication/node/nodemanager.go:739","message":"Sending heartbeat"}
{"level":"debug","component":"node_manager","peer_id":"12D3KooWQ2BLoW71ZPQkvEijvVZZuqAyC4SwUQksHR2crGMCsdZQ","time":"2025-03-05T12:49:22+05:30","caller":"/home/neeraj/Codes/P2P-Communication/node/nodemanager.go:665","message":"Attempting to connect"}
{"level":"debug","component":"node_manager","peer_id":"12D3KooWQ2BLoW71ZPQkvEijvVZZuqAyC4SwUQksHR2crGMCsdZQ","time":"2025-03-05T12:49:22+05:30","caller":"/home/neeraj/Codes/P2P-Communication/node/nodemanager.go:681","message":"Sending heartbeat message"}
{"level":"debug","component":"node_manager","peer_id":"12D3KooWQ2BLoW71ZPQkvEijvVZZuqAyC4SwUQksHR2crGMCsdZQ","time":"2025-03-05T12:49:22+05:30","caller":"/home/neeraj/Codes/P2P-Communication/node/nodemanager.go:692","message":"Waiting for heartbeat response"}
{"level":"error","component":"node_manager","peer_id":"12D3KooWQ2BLoW71ZPQkvEijvVZZuqAyC4SwUQksHR2crGMCsdZQ","error":"EOF","time":"2025-03-05T12:49:22+05:30","caller":"/home/neeraj/Codes/P2P-Communication/node/nodemanager.go:695","message":"Failed to read heartbeat response"}
{"level":"warn","component":"node_manager","peer_id":"12D3KooWQ2BLoW71ZPQkvEijvVZZuqAyC4SwUQksHR2crGMCsdZQ","failures":3,"error":"failed to read heartbeat response: EOF","latency_seconds":0.048752859,"time":"2025-03-05T12:49:22+05:30","caller":"/home/neeraj/Codes/P2P-Communication/node/nodemanager.go:752","message":"Heartbeat failed"}
{"level":"warn","component":"node_manager","peer_id":"12D3KooWQ2BLoW71ZPQkvEijvVZZuqAyC4SwUQksHR2crGMCsdZQ","failures":3,"time":"2025-03-05T12:49:22+05:30","caller":"/home/neeraj/Codes/P2P-Communication/node/nodemanager.go:776","message":"Peer marked as offline due to consecutive heartbeat failures"}
{"level":"info","component":"node_manager","active_peers":0,"total_peers":1,"time":"2025-03-05T12:49:22+05:30","caller":"/home/neeraj/Codes/P2P-Communication/node/nodemanager.go:798","message":"Heartbeat cycle completed"}
{"level":"info","component":"node_manager","managed_peers":1,"connected_peers":1,"time":"2025-03-05T12:49:52+05:30","caller":"/home/neeraj/Codes/P2P-Communication/node/nodemanager.go:713","message":"Starting heartbeat cycle"}
{"level":"debug","component":"node_manager","peer_id":"12D3KooWQ2BLoW71ZPQkvEijvVZZuqAyC4SwUQksHR2crGMCsdZQ","time":"2025-03-05T12:49:52+05:30","caller":"/home/neeraj/Codes/P2P-Communication/node/nodemanager.go:739","message":"Sending heartbeat"}
{"level":"debug","component":"node_manager","peer_id":"12D3KooWQ2BLoW71ZPQkvEijvVZZuqAyC4SwUQksHR2crGMCsdZQ","time":"2025-03-05T12:49:52+05:30","caller":"/home/neeraj/Codes/P2P-Communication/node/nodemanager.go:665","message":"Attempting to connect"}
{"level":"debug","component":"node_manager","peer_id":"12D3KooWQ2BLoW71ZPQkvEijvVZZuqAyC4SwUQksHR2crGMCsdZQ","time":"2025-03-05T12:49:52+05:30","caller":"/home/neeraj/Codes/P2P-Communication/node/nodemanager.go:681","message":"Sending heartbeat message"}
{"level":"debug","component":"node_manager","peer_id":"12D3KooWQ2BLoW71ZPQkvEijvVZZuqAyC4SwUQksHR2crGMCsdZQ","time":"2025-03-05T12:49:52+05:30","caller":"/home/neeraj/Codes/P2P-Communication/node/nodemanager.go:692","message":"Waiting for heartbeat response"}
{"level":"error","component":"node_manager","peer_id":"12D3KooWQ2BLoW71ZPQkvEijvVZZuqAyC4SwUQksHR2crGMCsdZQ","error":"EOF","time":"2025-03-05T12:49:52+05:30","caller":"/home/neeraj/Codes/P2P-Communication/node/nodemanager.go:695","message":"Failed to read heartbeat response"}
{"level":"warn","component":"node_manager","peer_id":"12D3KooWQ2BLoW71ZPQkvEijvVZZuqAyC4SwUQksHR2crGMCsdZQ","failures":4,"error":"failed to read heartbeat response: EOF","latency_seconds":0.056792123,"time":"2025-03-05T12:49:52+05:30","caller":"/home/neeraj/Codes/P2P-Communication/node/nodemanager.go:752","message":"Heartbeat failed"}
{"level":"warn","component":"node_manager","peer_id":"12D3KooWQ2BLoW71ZPQkvEijvVZZuqAyC4SwUQksHR2crGMCsdZQ","failures":4,"time":"2025-03-05T12:49:52+05:30","caller":"/home/neeraj/Codes/P2P-Communication/node/nodemanager.go:776","message":"Peer marked as offline due to consecutive heartbeat failures"}
{"level":"info","component":"node_manager","active_peers":0,"total_peers":1,"time":"2025-03-05T12:49:52+05:30","caller":"/home/neeraj/Codes/P2P-Communication/node/nodemanager.go:798","message":"Heartbeat cycle completed"}
{"level":"info","component":"node_manager","managed_peers":1,"connected_peers":1,"time":"2025-03-05T12:50:22+05:30","caller":"/home/neeraj/Codes/P2P-Communication/node/nodemanager.go:713","message":"Starting heartbeat cycle"}
{"level":"debug","component":"node_manager","peer_id":"12D3KooWQ2BLoW71ZPQkvEijvVZZuqAyC4SwUQksHR2crGMCsdZQ","time":"2025-03-05T12:50:22+05:30","caller":"/home/neeraj/Codes/P2P-Communication/node/nodemanager.go:739","message":"Sending heartbeat"}
{"level":"debug","component":"node_manager","peer_id":"12D3KooWQ2BLoW71ZPQkvEijvVZZuqAyC4SwUQksHR2crGMCsdZQ","time":"2025-03-05T12:50:22+05:30","caller":"/home/neeraj/Codes/P2P-Communication/node/nodemanager.go:665","message":"Attempting to connect"}
{"level":"debug","component":"node_manager","peer_id":"12D3KooWQ2BLoW71ZPQkvEijvVZZuqAyC4SwUQksHR2crGMCsdZQ","time":"2025-03-05T12:50:22+05:30","caller":"/home/neeraj/Codes/P2P-Communication/node/nodemanager.go:681","message":"Sending heartbeat message"}
{"level":"debug","component":"node_manager","peer_id":"12D3KooWQ2BLoW71ZPQkvEijvVZZuqAyC4SwUQksHR2crGMCsdZQ","time":"2025-03-05T12:50:22+05:30","caller":"/home/neeraj/Codes/P2P-Communication/node/nodemanager.go:692","message":"Waiting for heartbeat response"}
{"level":"error","component":"node_manager","peer_id":"12D3KooWQ2BLoW71ZPQkvEijvVZZuqAyC4SwUQksHR2crGMCsdZQ","error":"EOF","time":"2025-03-05T12:50:22+05:30","caller":"/home/neeraj/Codes/P2P-Communication/node/nodemanager.go:695","message":"Failed to read heartbeat response"}
{"level":"warn","component":"node_manager","peer_id":"12D3KooWQ2BLoW71ZPQkvEijvVZZuqAyC4SwUQksHR2crGMCsdZQ","failures":5,"error":"failed to read heartbeat response: EOF","latency_seconds":0.07745358,"time":"2025-03-05T12:50:22+05:30","caller":"/home/neeraj/Codes/P2P-Communication/node/nodemanager.go:752","message":"Heartbeat failed"}
{"level":"warn","component":"node_manager","peer_id":"12D3KooWQ2BLoW71ZPQkvEijvVZZuqAyC4SwUQksHR2crGMCsdZQ","failures":5,"time":"2025-03-05T12:50:22+05:30","caller":"/home/neeraj/Codes/P2P-Communication/node/nodemanager.go:776","message":"Peer marked as offline due to consecutive heartbeat failures"}
{"level":"info","component":"node_manager","active_peers":0,"total_peers":1,"time":"2025-03-05T12:50:22+05:30","caller":"/home/neeraj/Codes/P2P-Communication/node/nodemanager.go:798","message":"Heartbeat cycle completed"}
{"level":"info","component":"node_manager","managed_peers":1,"connected_peers":1,"time":"2025-03-05T12:50:52+05:30","caller":"/home/neeraj/Codes/P2P-Communication/node/nodemanager.go:713","message":"Starting heartbeat cycle"}
{"level":"debug","component":"node_manager","peer_id":"12D3KooWQ2BLoW71ZPQkvEijvVZZuqAyC4SwUQksHR2crGMCsdZQ","time":"2025-03-05T12:50:52+05:30","caller":"/home/neeraj/Codes/P2P-Communication/node/nodemanager.go:739","message":"Sending heartbeat"}
{"level":"debug","component":"node_manager","peer_id":"12D3KooWQ2BLoW71ZPQkvEijvVZZuqAyC4SwUQksHR2crGMCsdZQ","time":"2025-03-05T12:50:52+05:30","caller":"/home/neeraj/Codes/P2P-Communication/node/nodemanager.go:665","message":"Attempting to connect"}
{"level":"debug","component":"node_manager","peer_id":"12D3KooWQ2BLoW71ZPQkvEijvVZZuqAyC4SwUQksHR2crGMCsdZQ","time":"2025-03-05T12:50:52+05:30","caller":"/home/neeraj/Codes/P2P-Communication/node/nodemanager.go:681","message":"Sending heartbeat message"}
{"level":"debug","component":"node_manager","peer_id":"12D3KooWQ2BLoW71ZPQkvEijvVZZuqAyC4SwUQksHR2crGMCsdZQ","time":"2025-03-05T12:50:52+05:30","caller":"/home/neeraj/Codes/P2P-Communication/node/nodemanager.go:692","message":"Waiting for heartbeat response"}
{"level":"error","component":"node_manager","peer_id":"12D3KooWQ2BLoW71ZPQkvEijvVZZuqAyC4SwUQksHR2crGMCsdZQ","error":"EOF","time":"2025-03-05T12:50:52+05:30","caller":"/home/neeraj/Codes/P2P-Communication/node/nodemanager.go:695","message":"Failed to read heartbeat response"}
{"level":"warn","component":"node_manager","peer_id":"12D3KooWQ2BLoW71ZPQkvEijvVZZuqAyC4SwUQksHR2crGMCsdZQ","failures":6,"error":"failed to read heartbeat response: EOF","latency_seconds":0.017978416,"time":"2025-03-05T12:50:52+05:30","caller":"/home/neeraj/Codes/P2P-Communication/node/nodemanager.go:752","message":"Heartbeat failed"}
{"level":"warn","component":"node_manager","peer_id":"12D3KooWQ2BLoW71ZPQkvEijvVZZuqAyC4SwUQksHR2crGMCsdZQ","failures":6,"time":"2025-03-05T12:50:52+05:30","caller":"/home/neeraj/Codes/P2P-Communication/node/nodemanager.go:776","message":"Peer marked as offline due to consecutive heartbeat failures"}
{"level":"info","component":"node_manager","active_peers":0,"total_peers":1,"time":"2025-03-05T12:50:52+05:30","caller":"/home/neeraj/Codes/P2P-Communication/node/nodemanager.go:798","message":"Heartbeat cycle completed"}
{"level":"info","component":"node_manager","managed_peers":1,"connected_peers":1,"time":"2025-03-05T12:51:22+05:30","caller":"/home/neeraj/Codes/P2P-Communication/node/nodemanager.go:713","message":"Starting heartbeat cycle"}
{"level":"debug","component":"node_manager","peer_id":"12D3KooWQ2BLoW71ZPQkvEijvVZZuqAyC4SwUQksHR2crGMCsdZQ","time":"2025-03-05T12:51:22+05:30","caller":"/home/neeraj/Codes/P2P-Communication/node/nodemanager.go:739","message":"Sending heartbeat"}
{"level":"debug","component":"node_manager","peer_id":"12D3KooWQ2BLoW71ZPQkvEijvVZZuqAyC4SwUQksHR2crGMCsdZQ","time":"2025-03-05T12:51:22+05:30","caller":"/home/neeraj/Codes/P2P-Communication/node/nodemanager.go:665","message":"Attempting to connect"}
{"level":"debug","component":"node_manager","peer_id":"12D3KooWQ2BLoW71ZPQkvEijvVZZuqAyC4SwUQksHR2crGMCsdZQ","time":"2025-03-05T12:51:22+05:30","caller":"/home/neeraj/Codes/P2P-Communication/node/nodemanager.go:681","message":"Sending heartbeat message"}
{"level":"debug","component":"node_manager","peer_id":"12D3KooWQ2BLoW71ZPQkvEijvVZZuqAyC4SwUQksHR2crGMCsdZQ","time":"2025-03-05T12:51:22+05:30","caller":"/home/neeraj/Codes/P2P-Communication/node/nodemanager.go:692","message":"Waiting for heartbeat response"}
{"level":"error","component":"node_manager","peer_id":"12D3KooWQ2BLoW71ZPQkvEijvVZZuqAyC4SwUQksHR2crGMCsdZQ","error":"EOF","time":"2025-03-05T12:51:22+05:30","caller":"/home/neeraj/Codes/P2P-Communication/node/nodemanager.go:695","message":"Failed to read heartbeat response"}
{"level":"warn","component":"node_manager","peer_id":"12D3KooWQ2BLoW71ZPQkvEijvVZZuqAyC4SwUQksHR2crGMCsdZQ","failures":7,"error":"failed to read heartbeat response: EOF","latency_seconds":0.012665114,"time":"2025-03-05T12:51:22+05:30","caller":"/home/neeraj/Codes/P2P-Communication/node/nodemanager.go:752","message":"Heartbeat failed"}
{"level":"warn","component":"node_manager","peer_id":"12D3KooWQ2BLoW71ZPQkvEijvVZZuqAyC4SwUQksHR2crGMCsdZQ","failures":7,"time":"2025-03-05T12:51:22+05:30","caller":"/home/neeraj/Codes/P2P-Communication/node/nodemanager.go:776","message":"Peer marked as offline due to consecutive heartbeat failures"}
{"level":"info","component":"node_manager","active_peers":0,"total_peers":1,"time":"2025-03-05T12:51:22+05:30","caller":"/home/neeraj/Codes/P2P-Communication/node/nodemanager.go:798","message":"Heartbeat cycle completed"}
{"level":"debug","component":"node_manager","remote_peer":"12D3KooWQ2BLoW71ZPQkvEijvVZZuqAyC4SwUQksHR2crGMCsdZQ","time":"2025-03-05T12:51:41+05:30","caller":"/home/neeraj/Codes/P2P-Communication/node/nodemanager.go:582","message":"Received heartbeat"}
{"level":"debug","component":"node_manager","remote_peer":"12D3KooWQ2BLoW71ZPQkvEijvVZZuqAyC4SwUQksHR2crGMCsdZQ","message":"HEARTBEAT\n","time":"2025-03-05T12:51:41+05:30","caller":"/home/neeraj/Codes/P2P-Communication/node/nodemanager.go:594","message":"Heartbeat message received"}
{"level":"debug","component":"node_manager","remote_peer":"12D3KooWQ2BLoW71ZPQkvEijvVZZuqAyC4SwUQksHR2crGMCsdZQ","response":"OK\n","time":"2025-03-05T12:51:41+05:30","caller":"/home/neeraj/Codes/P2P-Communication/node/nodemanager.go:604","message":"Sent heartbeat response"}
{"level":"debug","component":"node_manager","remote_peer":"12D3KooWQ2BLoW71ZPQkvEijvVZZuqAyC4SwUQksHR2crGMCsdZQ","last_seen":1741159301,"time":"2025-03-05T12:51:41+05:30","caller":"/home/neeraj/Codes/P2P-Communication/node/nodemanager.go:626","message":"Updated peer status in database"}
{"level":"debug","component":"node_manager","remote_peer":"12D3KooWQ2BLoW71ZPQkvEijvVZZuqAyC4SwUQksHR2crGMCsdZQ","time":"2025-03-05T12:51:51+05:30","caller":"/home/neeraj/Codes/P2P-Communication/node/nodemanager.go:582","message":"Received heartbeat"}
{"level":"debug","component":"node_manager","remote_peer":"12D3KooWQ2BLoW71ZPQkvEijvVZZuqAyC4SwUQksHR2crGMCsdZQ","message":"HEARTBEAT\n","time":"2025-03-05T12:51:51+05:30","caller":"/home/neeraj/Codes/P2P-Communication/node/nodemanager.go:594","message":"Heartbeat message received"}
{"level":"debug","component":"node_manager","remote_peer":"12D3KooWQ2BLoW71ZPQkvEijvVZZuqAyC4SwUQksHR2crGMCsdZQ","response":"OK\n","time":"2025-03-05T12:51:51+05:30","caller":"/home/neeraj/Codes/P2P-Communication/node/nodemanager.go:604","message":"Sent heartbeat response"}
{"level":"debug","component":"node_manager","remote_peer":"12D3KooWQ2BLoW71ZPQkvEijvVZZuqAyC4SwUQksHR2crGMCsdZQ","last_seen":1741159311,"time":"2025-03-05T12:51:51+05:30","caller":"/home/neeraj/Codes/P2P-Communication/node/nodemanager.go:626","message":"Updated peer status in database"}
{"level":"info","component":"node_manager","managed_peers":1,"connected_peers":1,"time":"2025-03-05T12:51:52+05:30","caller":"/home/neeraj/Codes/P2P-Communication/node/nodemanager.go:713","message":"Starting heartbeat cycle"}
{"level":"debug","component":"node_manager","peer_id":"12D3KooWQ2BLoW71ZPQkvEijvVZZuqAyC4SwUQksHR2crGMCsdZQ","time":"2025-03-05T12:51:52+05:30","caller":"/home/neeraj/Codes/P2P-Communication/node/nodemanager.go:739","message":"Sending heartbeat"}
{"level":"debug","component":"node_manager","peer_id":"12D3KooWQ2BLoW71ZPQkvEijvVZZuqAyC4SwUQksHR2crGMCsdZQ","time":"2025-03-05T12:51:52+05:30","caller":"/home/neeraj/Codes/P2P-Communication/node/nodemanager.go:665","message":"Attempting to connect"}
{"level":"debug","component":"node_manager","peer_id":"12D3KooWQ2BLoW71ZPQkvEijvVZZuqAyC4SwUQksHR2crGMCsdZQ","time":"2025-03-05T12:51:52+05:30","caller":"/home/neeraj/Codes/P2P-Communication/node/nodemanager.go:681","message":"Sending heartbeat message"}
{"level":"debug","component":"node_manager","peer_id":"12D3KooWQ2BLoW71ZPQkvEijvVZZuqAyC4SwUQksHR2crGMCsdZQ","time":"2025-03-05T12:51:52+05:30","caller":"/home/neeraj/Codes/P2P-Communication/node/nodemanager.go:692","message":"Waiting for heartbeat response"}
{"level":"debug","component":"node_manager","peer_id":"12D3KooWQ2BLoW71ZPQkvEijvVZZuqAyC4SwUQksHR2crGMCsdZQ","response":"OK\n","time":"2025-03-05T12:51:52+05:30","caller":"/home/neeraj/Codes/P2P-Communication/node/nodemanager.go:705","message":"Valid heartbeat response received"}
{"level":"info","component":"node_manager","peer_id":"12D3KooWQ2BLoW71ZPQkvEijvVZZuqAyC4SwUQksHR2crGMCsdZQ","latency_seconds":0.008880633,"time":"2025-03-05T12:51:52+05:30","caller":"/home/neeraj/Codes/P2P-Communication/node/nodemanager.go:758","message":"Heartbeat successful"}
{"level":"info","component":"node_manager","active_peers":1,"total_peers":1,"time":"2025-03-05T12:51:52+05:30","caller":"/home/neeraj/Codes/P2P-Communication/node/nodemanager.go:798","message":"Heartbeat cycle completed"}
{"level":"debug","component":"node_manager","remote_peer":"12D3KooWQ2BLoW71ZPQkvEijvVZZuqAyC4SwUQksHR2crGMCsdZQ","time":"2025-03-05T12:52:01+05:30","caller":"/home/neeraj/Codes/P2P-Communication/node/nodemanager.go:582","message":"Received heartbeat"}
{"level":"debug","component":"node_manager","remote_peer":"12D3KooWQ2BLoW71ZPQkvEijvVZZuqAyC4SwUQksHR2crGMCsdZQ","message":"HEARTBEAT\n","time":"2025-03-05T12:52:01+05:30","caller":"/home/neeraj/Codes/P2P-Communication/node/nodemanager.go:594","message":"Heartbeat message received"}
{"level":"debug","component":"node_manager","remote_peer":"12D3KooWQ2BLoW71ZPQkvEijvVZZuqAyC4SwUQksHR2crGMCsdZQ","response":"OK\n","time":"2025-03-05T12:52:01+05:30","caller":"/home/neeraj/Codes/P2P-Communication/node/nodemanager.go:604","message":"Sent heartbeat response"}
{"level":"debug","component":"node_manager","remote_peer":"12D3KooWQ2BLoW71ZPQkvEijvVZZuqAyC4SwUQksHR2crGMCsdZQ","last_seen":1741159321,"time":"2025-03-05T12:52:01+05:30","caller":"/home/neeraj/Codes/P2P-Communication/node/nodemanager.go:626","message":"Updated peer status in database"}
{"level":"debug","component":"node_manager","remote_peer":"12D3KooWQ2BLoW71ZPQkvEijvVZZuqAyC4SwUQksHR2crGMCsdZQ","time":"2025-03-05T12:52:11+05:30","caller":"/home/neeraj/Codes/P2P-Communication/node/nodemanager.go:582","message":"Received heartbeat"}
{"level":"debug","component":"node_manager","remote_peer":"12D3KooWQ2BLoW71ZPQkvEijvVZZuqAyC4SwUQksHR2crGMCsdZQ","message":"HEARTBEAT\n","time":"2025-03-05T12:52:11+05:30","caller":"/home/neeraj/Codes/P2P-Communication/node/nodemanager.go:594","message":"Heartbeat message received"}
{"level":"debug","component":"node_manager","remote_peer":"12D3KooWQ2BLoW71ZPQkvEijvVZZuqAyC4SwUQksHR2crGMCsdZQ","response":"OK\n","time":"2025-03-05T12:52:11+05:30","caller":"/home/neeraj/Codes/P2P-Communication/node/nodemanager.go:604","message":"Sent heartbeat response"}
{"level":"debug","component":"node_manager","remote_peer":"12D3KooWQ2BLoW71ZPQkvEijvVZZuqAyC4SwUQksHR2crGMCsdZQ","last_seen":1741159331,"time":"2025-03-05T12:52:11+05:30","caller":"/home/neeraj/Codes/P2P-Communication/node/nodemanager.go:626","message":"Updated peer status in database"}
{"level":"debug","component":"node_manager","remote_peer":"12D3KooWQ2BLoW71ZPQkvEijvVZZuqAyC4SwUQksHR2crGMCsdZQ","time":"2025-03-05T12:52:21+05:30","caller":"/home/neeraj/Codes/P2P-Communication/node/nodemanager.go:582","message":"Received heartbeat"}
{"level":"debug","component":"node_manager","remote_peer":"12D3KooWQ2BLoW71ZPQkvEijvVZZuqAyC4SwUQksHR2crGMCsdZQ","message":"HEARTBEAT\n","time":"2025-03-05T12:52:21+05:30","caller":"/home/neeraj/Codes/P2P-Communication/node/nodemanager.go:594","message":"Heartbeat message received"}
{"level":"debug","component":"node_manager","remote_peer":"12D3KooWQ2BLoW71ZPQkvEijvVZZuqAyC4SwUQksHR2crGMCsdZQ","response":"OK\n","time":"2025-03-05T12:52:21+05:30","caller":"/home/neeraj/Codes/P2P-Communication/node/nodemanager.go:604","message":"Sent heartbeat response"}
{"level":"debug","component":"node_manager","remote_peer":"12D3KooWQ2BLoW71ZPQkvEijvVZZuqAyC4SwUQksHR2crGMCsdZQ","last_seen":1741159341,"time":"2025-03-05T12:52:21+05:30","caller":"/home/neeraj/Codes/P2P-Communication/node/nodemanager.go:626","message":"Updated peer status in database"}
{"level":"info","component":"node_manager","managed_peers":1,"connected_peers":1,"time":"2025-03-05T12:52:22+05:30","caller":"/home/neeraj/Codes/P2P-Communication/node/nodemanager.go:713","message":"Starting heartbeat cycle"}
{"level":"debug","component":"node_manager","peer_id":"12D3KooWQ2BLoW71ZPQkvEijvVZZuqAyC4SwUQksHR2crGMCsdZQ","time":"2025-03-05T12:52:22+05:30","caller":"/home/neeraj/Codes/P2P-Communication/node/nodemanager.go:739","message":"Sending heartbeat"}
{"level":"debug","component":"node_manager","peer_id":"12D3KooWQ2BLoW71ZPQkvEijvVZZuqAyC4SwUQksHR2crGMCsdZQ","time":"2025-03-05T12:52:22+05:30","caller":"/home/neeraj/Codes/P2P-Communication/node/nodemanager.go:665","message":"Attempting to connect"}
{"level":"debug","component":"node_manager","peer_id":"12D3KooWQ2BLoW71ZPQkvEijvVZZuqAyC4SwUQksHR2crGMCsdZQ","time":"2025-03-05T12:52:22+05:30","caller":"/home/neeraj/Codes/P2P-Communication/node/nodemanager.go:681","message":"Sending heartbeat message"}
{"level":"debug","component":"node_manager","peer_id":"12D3KooWQ2BLoW71ZPQkvEijvVZZuqAyC4SwUQksHR2crGMCsdZQ","time":"2025-03-05T12:52:22+05:30","caller":"/home/neeraj/Codes/P2P-Communication/node/nodemanager.go:692","message":"Waiting for heartbeat response"}
{"level":"debug","component":"node_manager","peer_id":"12D3KooWQ2BLoW71ZPQkvEijvVZZuqAyC4SwUQksHR2crGMCsdZQ","response":"OK\n","time":"2025-03-05T12:52:22+05:30","caller":"/home/neeraj/Codes/P2P-Communication/node/nodemanager.go:705","message":"Valid heartbeat response received"}
{"level":"info","component":"node_manager","peer_id":"12D3KooWQ2BLoW71ZPQkvEijvVZZuqAyC4SwUQksHR2crGMCsdZQ","latency_seconds":0.007422464,"time":"2025-03-05T12:52:22+05:30","caller":"/home/neeraj/Codes/P2P-Communication/node/nodemanager.go:758","message":"Heartbeat successful"}
{"level":"info","component":"node_manager","active_peers":1,"total_peers":1,"time":"2025-03-05T12:52:22+05:30","caller":"/home/neeraj/Codes/P2P-Communication/node/nodemanager.go:798","message":"Heartbeat cycle completed"}
{"level":"debug","component":"node_manager","remote_peer":"12D3KooWQ2BLoW71ZPQkvEijvVZZuqAyC4SwUQksHR2crGMCsdZQ","time":"2025-03-05T12:52:31+05:30","caller":"/home/neeraj/Codes/P2P-Communication/node/nodemanager.go:582","message":"Received heartbeat"}
{"level":"debug","component":"node_manager","remote_peer":"12D3KooWQ2BLoW71ZPQkvEijvVZZuqAyC4SwUQksHR2crGMCsdZQ","message":"HEARTBEAT\n","time":"2025-03-05T12:52:31+05:30","caller":"/home/neeraj/Codes/P2P-Communication/node/nodemanager.go:594","message":"Heartbeat message received"}
{"level":"debug","component":"node_manager","remote_peer":"12D3KooWQ2BLoW71ZPQkvEijvVZZuqAyC4SwUQksHR2crGMCsdZQ","response":"OK\n","time":"2025-03-05T12:52:31+05:30","caller":"/home/neeraj/Codes/P2P-Communication/node/nodemanager.go:604","message":"Sent heartbeat response"}
{"level":"debug","component":"node_manager","remote_peer":"12D3KooWQ2BLoW71ZPQkvEijvVZZuqAyC4SwUQksHR2crGMCsdZQ","last_seen":1741159351,"time":"2025-03-05T12:52:31+05:30","caller":"/home/neeraj/Codes/P2P-Communication/node/nodemanager.go:626","message":"Updated peer status in database"}
