2025/08/20 14:29:22.291809 ✅ Connected to Geth: ws://192.168.100.24:32004
2025/08/20 14:29:22.299457 🔍 Listening for blocks...
2025/08/20 14:29:22.307666 🔍 Listening for pending transactions...
2025/08/20 14:29:22.313869 🔍 Listening for contract events (raw logs)…
2025/08/20 14:29:22.335952 🧹 Warm scan last 50 blocks (1059..1109) for contracts…
2025/08/20 14:29:30.421606 📦 New Block: 1110 | 0 txns | hash=0x9349183041b631b531570d5f00d4761297ed308b8739180dcdb85c653fb90a7c
2025/08/20 14:29:42.392757 📦 New Block: 1111 | 0 txns | hash=0xeddef31dfa2d515b3b0bab2276eaea2190d5d506c7dbc0d44020ace9b84554b6
2025/08/20 14:29:54.406644 📦 New Block: 1112 | 0 txns | hash=0x755e29a9458bbf6c81375e91b619a4a5bc8fef490c363beba494b274782eb8d6
2025/08/20 14:30:06.429271 📦 New Block: 1113 | 0 txns | hash=0xd42de5529f538b3bed96874a08461c6a935b62fd28e5f9c1a4f640058e8fb7bf
2025/08/20 14:30:10.759784 🚀 Pending TX: 0x3842ab83ca0a87ead6a1bdb42376601f2e102eda39161512e49f753750d3f237 | From: 0x31fcB3C05F73242AeDd88b024E33d25a81Fe67DB -> To: 0x5cdacab2b96198b24e912eefa8629bAFc27F2578 | Value: 10.000000000000000000 ETH
2025/08/20 14:30:18.441142 📦 New Block: 1114 | 1 txns | hash=0x2164b1bc8370317b49b156ed9738a24259738aef64e4e1e7b807a6d85220c636
2025/08/20 14:30:18.447810    TX 0x3842ab83ca0a87ead6a1bdb42376601f2e102eda39161512e49f753750d3f237 | From: 0x31fcB3C05F73242AeDd88b024E33d25a81Fe67DB -> To: 0x5cdacab2b96198b24e912eefa8629bAFc27F2578 | Value: 10.000000000000000000 ETH
2025/08/20 14:30:30.382130 📦 New Block: 1115 | 0 txns | hash=0x81e1206ca345b3ef23111b8c792973900580618571faaba2b327f9721069cef6
2025/08/20 14:30:42.436601 📦 New Block: 1116 | 0 txns | hash=0x32be249f7438c8005349e7f77ea39dbdcde0f6e21c3699e3c579cf9635bb3ca3
2025/08/20 14:30:54.384812 📦 New Block: 1117 | 0 txns | hash=0xceb64102f031a146d481590669b62ba253b60d892207be0ca24ed839586d5356
2025/08/20 14:31:06.391559 📦 New Block: 1118 | 0 txns | hash=0x2af9095d5aba6a1cb9fe1a47ea33a96f1e88cae04a462bf2128e4fce3545ee02
2025/08/20 14:31:18.489691 📦 New Block: 1119 | 0 txns | hash=0xa9777871a95c562fc1ef33a340c2e88d4cdddaa8d9e14bf9baabd437b3695c44
2025/08/20 14:31:30.404412 📦 New Block: 1120 | 0 txns | hash=0x6c3a5533d0221db36a1766a2832345089509a7e36f3d05404094ed3d85280991
2025/08/20 14:31:42.416173 📦 New Block: 1121 | 0 txns | hash=0x89d4f414c5197fd7b1cded2bf882288bfef527a6b35a3a5e2d1eb176973098b9
2025/08/20 14:31:54.395045 📦 New Block: 1122 | 0 txns | hash=0x04ceb893cc0d79b93d04e50dba44222df678422d3195e17102727e2d5a799af1
2025/08/20 14:32:06.434601 📦 New Block: 1123 | 0 txns | hash=0x6a4ea33faacdfc4b1335396d6667dde659f0f6b152c60c72f5b2defde065c596
2025/08/20 14:32:18.412611 📦 New Block: 1124 | 0 txns | hash=0x4e9d8513fb2a72b62d385182beaea2dd202752711df5a6cc2a7b5087edf2c296
2025/08/20 14:32:30.391394 📦 New Block: 1125 | 0 txns | hash=0xc85b316f16dd89e8db6fc72cd308080906432661d2c2693b9267511d40ec5f9d
2025/08/20 14:32:54.426568 📦 New Block: 1126 | 0 txns | hash=0x6c6a91c95f435c1907b9c7cc4a6acebe9dbe7bf11a30a84a327e365293a34344
2025/08/20 14:33:06.412728 📦 New Block: 1127 | 0 txns | hash=0x5a858ba27115b54258a0f695106181cb39abbd7f4262fdeaed47c8c69321335c
2025/08/20 14:33:18.402528 📦 New Block: 1128 | 0 txns | hash=0xb04a5ba38252e973169b5b1af46b991fac60fc5abea90a32ac013f5df8ce3a54
2025/08/20 14:33:30.411333 📦 New Block: 1129 | 0 txns | hash=0x596ee6160e4f6c79d2df1b5907ec6f13c0bdeea47f08ae801b822a0513c000db
2025/08/20 14:33:39.013087 🚀 Pending TX: 0xfa0bac18caa66175dd2d00584f81956228fadf06052e0bf8ad7c554ede76a0f8 | From: 0x31fcB3C05F73242AeDd88b024E33d25a81Fe67DB -> To: 0x5cdacab2b96198b24e912eefa8629bAFc27F2578 | Value: 500.000000000000000000 ETH
2025/08/20 14:33:54.410669 📦 New Block: 1130 | 1 txns | hash=0x535f20f2d529c461ba0ed6fa1370dd30d771bfbbe919f971e1fe479ff42e3f5f
2025/08/20 14:33:54.415717    TX 0xfa0bac18caa66175dd2d00584f81956228fadf06052e0bf8ad7c554ede76a0f8 | From: 0x31fcB3C05F73242AeDd88b024E33d25a81Fe67DB -> To: 0x5cdacab2b96198b24e912eefa8629bAFc27F2578 | Value: 500.000000000000000000 ETH
2025/08/20 14:34:06.411116 📦 New Block: 1131 | 0 txns | hash=0xcbd517f4960a772009ab9a2d7a9ea9f81fd044f589275b8c7c1e8e81a6629186
2025/08/20 14:34:30.402744 📦 New Block: 1132 | 0 txns | hash=0x38aaefec722754b566dac7f7542c895f2eb014b06d27926a17e6cec997e6ddcf
2025/08/20 14:34:54.531669 📦 New Block: 1133 | 0 txns | hash=0x92c4e1d7bd56d2ce8748352e7f7d154e577406401a2a3e786a16d7d79bfbcf41
2025/08/20 14:35:06.464347 📦 New Block: 1134 | 0 txns | hash=0x7544d0df17a14fdb8c41a74d29416dbfa1c377ad6d07c3dc496378ed599d016a
2025/08/20 14:35:18.438082 📦 New Block: 1135 | 0 txns | hash=0xf6bb27525e63e9e33188c1f8e92987810915731002918155aee17ecf49a3bb2a
2025/08/20 14:35:30.410390 📦 New Block: 1136 | 0 txns | hash=0x795835f6a60eaa59ede9e75a1f3cc493fb120d807b5a0b833a0c8b025f2fa83b
2025/08/20 14:35:42.423637 📦 New Block: 1137 | 0 txns | hash=0x629eab04fbcfd5542b5be5d51b6415df97ca1bf6cc863c9db81d7f81b8abceaf
2025/08/20 14:35:54.396468 📦 New Block: 1138 | 0 txns | hash=0x5596ce51731972827b2f4b43fe5bdad2966cc1502804c5b6240ef01e30b9b87f
2025/08/20 14:36:06.443064 📦 New Block: 1139 | 0 txns | hash=0x93c28f62aeb81a9767f66d6729e27641f84c92b2a0ba4d4ebcdcead3ab947a27
2025/08/20 14:36:18.419239 📦 New Block: 1140 | 0 txns | hash=0xc2c2beb4e86deb561f3d9bea85728943e18af533ef0666371b2df3c47b2be8dd
2025/08/20 14:36:30.422789 📦 New Block: 1141 | 0 txns | hash=0x2e7cb9149b1c157edb8b5ecdc6e337b80e5e611cb4e1588f25f6608c9e3a6b1d
2025/08/20 14:36:42.392696 📦 New Block: 1142 | 0 txns | hash=0xc388308e32df03a4693d01f068cc782b273b118177613179d062a57c0ef03770
2025/08/20 14:36:54.421410 📦 New Block: 1143 | 0 txns | hash=0x03af1ccc09d0f0fec11f4275e47c86b5e41750554859cfe2f2bfee9b2fcec39e
2025/08/20 14:37:06.440000 📦 New Block: 1144 | 0 txns | hash=0x15234c855e1ba79fcfa8b0576790d88ba679342c23964fdc715ae91c9409c6cd
2025/08/20 14:37:18.460859 📦 New Block: 1145 | 0 txns | hash=0x8cd67734404abac94b5516936fafbc3fc1bf2c0a36dfed490dcf805b1bc4d764
2025/08/20 14:37:30.415186 📦 New Block: 1146 | 0 txns | hash=0x99b84a4f45f61b077c11eb245ae468e47ae268a444e14b812730ee90e10897fc
2025/08/20 14:37:54.418177 📦 New Block: 1147 | 0 txns | hash=0x9cd71ddd5044642eadedad45aadf70bab40d13179afade7ad360d89e9915b3b1
2025/08/20 14:38:06.416179 📦 New Block: 1148 | 0 txns | hash=0x7525faab545295276a7a45b294dfb8c4fb7476cca3d5e279b9f48c2a94fa32ce
2025/08/20 14:38:18.434811 📦 New Block: 1149 | 0 txns | hash=0x42aed2eadca2c07ffbe1e3981fc4f2f00bb628607968eefed81b2fa92ec61f73
2025/08/20 14:38:30.436369 📦 New Block: 1150 | 0 txns | hash=0xc9d030f67683595078baccdc3302ad127d225acb1b2077480519e26171abedfb
2025/08/20 14:38:54.416522 📦 New Block: 1151 | 0 txns | hash=0x69d0ecf3d677c842329ac30441661145e20185fd64c67c8f67ee7a53c017e949
2025/08/20 14:39:06.423293 📦 New Block: 1152 | 0 txns | hash=0x73b96eb9c24b173432d75dde458d0e7a49f8b36348afcf23f2cae8f663bc5f1a
2025/08/20 14:39:18.444877 📦 New Block: 1153 | 0 txns | hash=0x1f256f78a228c148928e704f0fc7f24dfa0c02783055f48a09e91769485c2864
2025/08/20 14:39:30.436241 📦 New Block: 1154 | 0 txns | hash=0xb0ffd996eb088845e40e92ec86ff5ae859168d0cc16f69ccb2d49ba6f0810481
2025/08/20 14:39:42.436713 📦 New Block: 1155 | 0 txns | hash=0x490263c7737d9c470e376dbb4d76ef4c598d9ff1e9238b34c34c08ff381adeb2
2025/08/20 14:39:54.422577 📦 New Block: 1156 | 0 txns | hash=0x2943c4387cc8c134bc22a57fc8af9c338a568e71a7ddfb25d7d3ad5ccff748bf
2025/08/20 14:40:06.421630 📦 New Block: 1157 | 0 txns | hash=0x3de005dd3d46676a87f837b379358ede9586fe91e8aba9fd3d1a683fd3cb3cfb
2025/08/20 14:40:18.458527 📦 New Block: 1158 | 0 txns | hash=0xa87e4e142eb88ec20505bebaf6ed0b02c06cb6734e361cec72e05d5156ecda33
2025/08/20 14:40:30.528795 📦 New Block: 1159 | 0 txns | hash=0x14a5d59a6ddc4411f129b9ca01f203688ca917eb56faf15ef3f53ffb6e544efa
2025/08/20 14:40:54.411622 📦 New Block: 1160 | 0 txns | hash=0x6421fb28e7aa8dde2222883954edbdbe6cc45db61d91baac40d9886a1432ad4b
2025/08/20 14:41:06.442181 📦 New Block: 1161 | 0 txns | hash=0x18449a118d68009f497743f0d7db96da7d3be9681ac2404da667c10af4d14e64
2025/08/20 14:41:18.466781 📦 New Block: 1162 | 0 txns | hash=0x2b7d3e19790f59622f68ec81e9d82692e8d29e0da5b3e01980cc0074bc0de416
2025/08/20 14:41:30.406298 📦 New Block: 1163 | 0 txns | hash=0x4e98940eedad339f531c0ab864e3d17d65f38243930f91d6b5fce65ff916343f
2025/08/20 14:41:42.438308 📦 New Block: 1164 | 0 txns | hash=0xf045fe60d2361b1cfe223a7d5ba93f1f53776ec5dc4a38a6cf654af1687e4d52
2025/08/20 14:41:54.415413 📦 New Block: 1165 | 0 txns | hash=0x9e13ff51aa059391700cc2b9caee5ceb098748cd745f2a82d445716ac29ceca8
2025/08/20 14:42:06.432582 📦 New Block: 1166 | 0 txns | hash=0xb42b0f3c14f5cec8d0b38ec415110e3f2759cf90d11236010ab5577d42959fc0
2025/08/20 14:42:18.432657 📦 New Block: 1167 | 0 txns | hash=0x6dbe1545f148b0ac6096d7fb669b7aa028701e6a2c020e93c0bd9ce754ccb0fb
2025/08/20 14:42:30.396029 📦 New Block: 1168 | 0 txns | hash=0x5face32b81a08d2d433266e97f4977703fecfb9fb355dff94e8b9c66d9c34bb9
2025/08/20 14:42:42.396665 📦 New Block: 1169 | 0 txns | hash=0xe3a8aeebb0cf49fa4a0562952769c28ed2ec171d4d6a7eaa8583fd6b5f6a5270
2025/08/20 14:42:54.411309 📦 New Block: 1170 | 0 txns | hash=0x815355f2c4dc79bfa4e7cf48598cdda259f84cddb6aae62d616a73023a2b127e
2025/08/20 14:43:06.436811 📦 New Block: 1171 | 0 txns | hash=0xadea20846446df7b2fddd532f33195bd635be341873d3221dd693e2d3dbb3104
2025/08/20 14:43:18.450129 📦 New Block: 1172 | 0 txns | hash=0x822f4b68cb425b12e27e7e55ccde0f06075f70762533c440f687346a55362fd9
2025/08/20 14:43:30.422097 📦 New Block: 1173 | 0 txns | hash=0x00ba8f668bca52de5bbd94c3c6d8eba1bdae54ca5123b8d61d118ec7a11dbc1a
2025/08/20 14:43:42.428547 📦 New Block: 1174 | 0 txns | hash=0xeeac2ac8cd23b7b2d97b5925c0a29a11d02b2336a423eb1fd9cbbe79acb35c0c
2025/08/20 14:43:54.437548 📦 New Block: 1175 | 0 txns | hash=0xad05d7d193031bba8d7ce9527b5cb9cc6d3523066e93675f8818d21b0055a798
2025/08/20 14:44:07.205151 📦 New Block: 1176 | 0 txns | hash=0xe722fbf6fc3bdeb96a6475376e1791ebbaf984f677b1a05d924008cedd907264
2025/08/20 14:44:18.472690 📦 New Block: 1177 | 0 txns | hash=0x4b2b1cf70d7113046cf47965c914a59701163d0b20aeb19d5f25188df50dbcfd
2025/08/20 14:44:30.453065 📦 New Block: 1178 | 0 txns | hash=0x66bc6d641a9b1dd7828d3747154087a27ec6371f7937c18bdbcd771f310b764c
2025/08/20 14:44:42.436588 📦 New Block: 1179 | 0 txns | hash=0xfaec499bcb7ccaace9ea475a2a3fd13ba132e6278b9cd3d78ec47f06390b2817
2025/08/20 14:44:54.436186 📦 New Block: 1180 | 0 txns | hash=0x4cf210a1d2feae600543736e843c3d40e92eae507b2d84344a3705cf9eede8ee
2025/08/20 14:45:06.410455 📦 New Block: 1181 | 0 txns | hash=0xe8595093a2e6f7f2a25bfa26aa7a8e6eb96bd4080ad088cd6b3b553e7eb081da
2025/08/20 14:45:18.439550 📦 New Block: 1182 | 0 txns | hash=0xb98f1f6b318750814e9b448be91c015b277ad40d9e45430fedf7d4379f87aa63
2025/08/20 14:45:30.445789 📦 New Block: 1183 | 0 txns | hash=0x40e5f25dcc479a397716949de60d910b39e7ae5439bf8b10eaf4aaba96f9c49d
2025/08/20 14:45:42.421430 📦 New Block: 1184 | 0 txns | hash=0xd3ed48738dee68787f28a5e83100fc331d1d55f9274cc383db4d24c3956480b3
2025/08/20 14:45:54.411061 📦 New Block: 1185 | 0 txns | hash=0xb4aa9b41352f15843bf2da17e6a334e4a0ceca45ccf4ff1ad85afcd5b0acff2d
2025/08/20 14:46:06.417610 📦 New Block: 1186 | 0 txns | hash=0xf968fcb3b81a24eb8ef9672e22c34dff088c1a0f434099eb84f0c6390df0d3cd
2025/08/20 14:46:18.418533 📦 New Block: 1187 | 0 txns | hash=0x9055aea6449ca4989dec33853436e6fb50d7a5e7294792e896a8a6d35fd287fc
2025/08/20 14:46:30.421198 📦 New Block: 1188 | 0 txns | hash=0x0ea85e09f6570c65aecc22576f0c569286bf0e68ebd9af06edf10e8b2a54cb22
2025/08/20 14:46:42.424746 📦 New Block: 1189 | 0 txns | hash=0x821360b4f43fdbb91607e6a09d92cff7f34182783fa461abc0f919e22f53c371
2025/08/20 14:46:54.411412 📦 New Block: 1190 | 0 txns | hash=0x30bae585756f609f0e9c14c79b4c47db4289d86f03dc3a7b8c7e2d935d0d64ef
2025/08/20 14:47:06.412747 📦 New Block: 1191 | 0 txns | hash=0xc3215b9f0dcc01c8a563a65e05c94737e6d4375f84e2dcc5b439e13d87bb077a
2025/08/20 14:47:18.421780 📦 New Block: 1192 | 0 txns | hash=0x00389d9a94a21cd4dbf4c5f0e0301eaff340cec160ffe4c89c1b29863da47550
2025/08/20 14:47:30.402825 📦 New Block: 1193 | 0 txns | hash=0x2ef298265270acca34ea46818c467fec45f4e12e8c97eb12fc326a2a35948e64
2025/08/20 14:47:42.487073 📦 New Block: 1194 | 0 txns | hash=0x7f969f1b3eae018c6bc05a3de935189be60f9636733f36d81dfe1115ff95242a
2025/08/20 14:47:54.408009 📦 New Block: 1195 | 0 txns | hash=0xd77312e934ceb7210699e09e2a5a78e2fbea6e9b79e9eb44c9083fb998b64b54
2025/08/20 14:48:06.444752 📦 New Block: 1196 | 0 txns | hash=0xd7f479ef9c8dc64e9b391e7ab5abd32cced2b896500c86c485e3dd50875c851f
2025/08/20 14:48:18.451112 📦 New Block: 1197 | 0 txns | hash=0x8e3aa18fabcfb69e59b5340cbec5029ede16003409cee1ac05228e34f48e10df
2025/08/20 14:48:30.417177 📦 New Block: 1198 | 0 txns | hash=0xcd5fa706962e8da7f16f976cf68592182f9214fc64c9cef3d9a46b8dbf3745ad
2025/08/20 14:48:54.412831 📦 New Block: 1199 | 0 txns | hash=0x96e0c087c251a60c520aa77ff45451d546e56eab5aa7f73f4360f4640df39239
2025/08/20 14:49:06.438830 📦 New Block: 1200 | 0 txns | hash=0x4c4a03fb9d11bd6f0fbe732fc50c62fb8a448493885262edd5afdd10d89f6167
2025/08/20 14:49:18.462270 📦 New Block: 1201 | 0 txns | hash=0x0b1806da84b301f0d562d78c7c5e3695239fc23ee82dcda527b5f3670dea3941
2025/08/20 14:49:30.406721 📦 New Block: 1202 | 0 txns | hash=0xf8884d5ad4d36938b1531d30d4a9952d88cbb0dedb256e268596dd8f1dcb962a
2025/08/20 14:49:42.415276 📦 New Block: 1203 | 0 txns | hash=0x2cdbb47c038ee140da24bf1827313d702e46f631e822c7bc7a14224220a76404
2025/08/20 14:49:54.386913 📦 New Block: 1204 | 0 txns | hash=0x531e238e4abfe278e8dc91d6745b5a2d6a6deaeb9607d4b90971a3320dc77ca2
2025/08/20 14:50:06.383371 📦 New Block: 1205 | 0 txns | hash=0x656d3409283ab9e70e75a419c09dc46fe7b9bbc945565a5d339928a9700559cf
2025/08/20 14:50:18.436496 📦 New Block: 1206 | 0 txns | hash=0x7ca595a823db5b7170fa20ab6bf80986618b04034c1d331a47ca4909ed4f04be
2025/08/20 14:50:30.438605 📦 New Block: 1207 | 0 txns | hash=0xc28799f5610d32201a8d79c56308dca8c6c9f3647a9ea1d48cb2f90fa09c5942
2025/08/20 14:50:42.397072 📦 New Block: 1208 | 0 txns | hash=0x11f310ce13369fb5deade3d7d9b4226f70047cdacba6e01622e96d7b4cb1b602
2025/08/20 14:50:54.403605 📦 New Block: 1209 | 0 txns | hash=0x3701d51bd3c0c64b7f1be9d4a714598a39d359fc6501f1b37a6ef2ebb4ceef12
2025/08/20 14:51:06.425630 📦 New Block: 1210 | 0 txns | hash=0x5e48d190f5561668e98d30af45bcb2d4802796b8ee7588208f3cc1c7b2edccaa
2025/08/20 14:51:18.406192 📦 New Block: 1211 | 0 txns | hash=0x37bbe8ca68d4e9b124616f3558450f81ef594aad7116726ca74af133dbc87d77
2025/08/20 14:51:30.381875 📦 New Block: 1212 | 0 txns | hash=0x1538b96eb55967b2533f9e832230e9bcdd3e5681c824e40ea651b7256feb0511
2025/08/20 14:51:42.393596 📦 New Block: 1213 | 0 txns | hash=0x7b41cdb03d9cf48a2af1a1123cf069d4f94e263e2e138f275e7d55ee68a40b9c
2025/08/20 14:51:54.372010 📦 New Block: 1214 | 0 txns | hash=0xbd1254ec1bc97b9c39f56562f6c9c6e458a742f96be95de9784866d231a21e68
2025/08/20 14:52:06.415710 📦 New Block: 1215 | 0 txns | hash=0x086f697074f98f49d4edbd54553693487a3d86ab0b4d768a7b8dffd9085157fe
2025/08/20 14:52:18.388576 📦 New Block: 1216 | 0 txns | hash=0xa3836be18e9079473f57c66b2bb43d9ef89d633d55ba928bc6e8ebb6ed377208
2025/08/20 14:52:30.400979 📦 New Block: 1217 | 0 txns | hash=0x4c9430d6588816eeff3cd5f3a58bfbfd702cdfd924d8a99a47047a5a3c0640ca
2025/08/20 14:52:42.415375 📦 New Block: 1218 | 0 txns | hash=0x7865762ceb5363c80c4d37efe3832cb26d4ee176642c252691f3be968a5ff1f9
2025/08/20 14:52:54.389987 📦 New Block: 1219 | 0 txns | hash=0xd835bba4e42be2daa7b6ebc5cbab8898fc3cc1b788a4e1e97a0f57022430b02d
2025/08/20 14:53:06.415862 📦 New Block: 1220 | 0 txns | hash=0x133cc0c0a25cfb1577a26336abb5965113c9b375fec877b87c635d7c5bd16571
2025/08/20 14:53:18.396148 📦 New Block: 1221 | 0 txns | hash=0xb0ad6dbafbf81f19e8b3c9a41ceac3516bfdce196823d9e7bb80a58d5ab45b0a
2025/08/20 14:53:30.456884 📦 New Block: 1222 | 0 txns | hash=0x77ac72c4b61dcbffa07dce4361d51a5132ee1532b86bdb662a435b97a4b26804
2025/08/20 14:53:42.422974 📦 New Block: 1223 | 0 txns | hash=0xfd2c79dcafa433d28f9bea6805e0eeb7df9379d225500729c6430346f42f3272
2025/08/20 14:53:54.380741 📦 New Block: 1224 | 0 txns | hash=0xecf053c16b78baf65643a9c60f3d9d53a0565ec0c5ef3445081d2a199bea4ffe
2025/08/20 14:54:06.368692 📦 New Block: 1225 | 0 txns | hash=0x149a9b1dafca72fe61054a94d8d8cfe5e821b18051fa4b1c414898d27cbac747
2025/08/20 14:54:18.417505 📦 New Block: 1226 | 0 txns | hash=0x43a3ace4c5ee1cf499105fc0d5f128002c76b6239a38035f3c3ad944499a8e44
2025/08/20 14:54:30.400235 📦 New Block: 1227 | 0 txns | hash=0xb476a4db126c324dc5caaa4af2471d8fb35fde694794eaa16cf8ad477619f4c1
2025/08/20 14:54:42.398248 📦 New Block: 1228 | 0 txns | hash=0xbdc4ebe803f3a9efd2a1d4be12343c7d7eee402803d1f2c2c5107c431b2ea640
2025/08/20 14:54:54.447720 📦 New Block: 1229 | 0 txns | hash=0xa78ed236cdd5b4a3f7895a5bd7e02e265c4f0eab780995304bf0d00ca6c953fc
2025/08/20 14:55:06.395904 📦 New Block: 1230 | 0 txns | hash=0x92dd8b8d73d376f2f08f23af0e49d524b62e5dffcfb6fe54fc468e065c9d1bbb
2025/08/20 14:55:30.376526 📦 New Block: 1231 | 0 txns | hash=0x4e9529eedb7413cba81a9c7a393d8a87852a812e7883db64d5ad584a0748d666
2025/08/20 14:55:42.391951 📦 New Block: 1232 | 0 txns | hash=0x341486f2409694e92cdc90b765686f8bc46e4376530da41a716f7c42ca40a287
2025/08/20 14:55:54.377099 📦 New Block: 1233 | 0 txns | hash=0x3bf149397da66711a1e732d46543dc8cf2003110aa0588f0c9d8df83f7313c07
2025/08/20 14:56:06.373917 📦 New Block: 1234 | 0 txns | hash=0x71cb32edc1c3ebf46b35e9213e9701db3fe0704fe9d3c97ce3fbb14ed00e55db
2025/08/20 14:56:18.370885 📦 New Block: 1235 | 0 txns | hash=0xc44a8aea5ca4a26cb8cca7e85d327978f22c74db06f382644c17cfbc9ebd402d
2025/08/20 14:56:30.368258 📦 New Block: 1236 | 0 txns | hash=0xb87a36f30c71ea170ad8c7957cc5313c8f0e484bbf62340f88f17303d36c7d80
2025/08/20 14:56:42.361223 📦 New Block: 1237 | 0 txns | hash=0x2b88562cfcf0cedbc4ebe713bdb5207b89c944c15ed95866d98ac9554bf46d07
2025/08/20 14:56:54.671686 📦 New Block: 1238 | 0 txns | hash=0xbe95b96cd38e88f91ca0da511ce3aaa1e7b9e77b941d2050e56059bfd888d44b
2025/08/20 14:57:06.430605 📦 New Block: 1239 | 0 txns | hash=0x0c563c7d435a11a239a33fc43cf7868a00d3b90d73587a3831d45256add7fed5
2025/08/20 14:57:18.396217 📦 New Block: 1240 | 0 txns | hash=0x32ac85293944aa511f5ec6672ae23a595045e8d5ec1e5a5ace592e5b9fe2db03
2025/08/20 14:57:30.386968 📦 New Block: 1241 | 0 txns | hash=0x5ea1c4534e070c707469ccbb3f23ef83439c11c06f657a2f3de6c896f312ce5e
2025/08/20 14:57:42.386981 📦 New Block: 1242 | 0 txns | hash=0x74d99e0e7f016821df8493b10d65cbff7d465c0aec51f65cd4db1e22e162a3bb
2025/08/20 14:57:54.395300 📦 New Block: 1243 | 0 txns | hash=0xf41c08bf3bd7b642652aadb4170d09ab81d0e57593add69347268ee7bc91af9d
2025/08/20 14:58:06.398095 📦 New Block: 1244 | 0 txns | hash=0xfa338c43e2d9931f234c8d277a85e95202b75f47ac43464c0a377b623fa16b89
2025/08/20 14:58:18.427369 📦 New Block: 1245 | 0 txns | hash=0x95034de263678c59c947fa1f7ebb72881ed1915ca57d62e79b8599fb4981ac32
2025/08/20 14:58:30.389098 📦 New Block: 1246 | 0 txns | hash=0xa31ab02883a62aabf00825e892f094cebececb8d95bb1e5d8b7bd53af9a81d93
2025/08/20 14:58:42.453095 📦 New Block: 1247 | 0 txns | hash=0x234770a38a379c9c310db9d284708cc874b84b110ced7e833f67479eb62f5054
2025/08/20 14:58:54.400149 📦 New Block: 1248 | 0 txns | hash=0x7508f797ccaea2d364682e5e595d36dbbf5925d98afaa6f81eff1a941415ee68
2025/08/20 14:59:06.404881 📦 New Block: 1249 | 0 txns | hash=0x02273226bc0c2da09141d9810df745ca70eac9a60d691c366181b84edc23afbe
2025/08/20 14:59:18.425681 📦 New Block: 1250 | 0 txns | hash=0xb7330315d8edc2d60778d40bb7cd623812aba2aabbd8215a7e2a83d6fd2c92df
2025/08/20 14:59:30.390130 📦 New Block: 1251 | 0 txns | hash=0xc8a95700fd8739964c7cac79f3c200ca9c10622ffc18aec2050e6f393a1abd4a
2025/08/20 14:59:54.389795 📦 New Block: 1252 | 0 txns | hash=0x6aa75ac9b9cb40c5aeac1965dcf74e20ebdede7a9c1a2b68b368efd4ca7c6509
2025/08/20 15:00:06.405448 📦 New Block: 1253 | 0 txns | hash=0x34b62ab4773c74818ac8ac2af77f081a5798c9f1e8db133900a9ec58e48625d9
2025/08/20 15:00:18.418519 📦 New Block: 1254 | 0 txns | hash=0xd38a037d2d369bc305669fce0c80f4195606ee1127a4f4af869d640cfa4afbf7
2025/08/20 15:00:30.385321 📦 New Block: 1255 | 0 txns | hash=0x6c72aeffe0df9e84ab5db035dae150249719eb923c2aca2b63dca80b205b36af
2025/08/20 15:00:42.406690 📦 New Block: 1256 | 0 txns | hash=0x9ee4e3d861b46fc0ad117d477da20c238f497842102228ded16a01fb321cc850
2025/08/20 15:00:54.948982 📦 New Block: 1257 | 0 txns | hash=0x286e33c99596fe0b6b5b9898e44cbaaa9df426efe80d66fba80cd145fd8f6233
2025/08/20 15:01:06.383295 📦 New Block: 1258 | 0 txns | hash=0x7cff868c959f137406d30a746f24c36be7a76ddda759fea53be97f6395c33a4b
2025/08/20 15:01:18.378612 📦 New Block: 1259 | 0 txns | hash=0x77147486350ffa1ccbb4ea9a363c3873b8c95e0b999ccd80ff647b7b5c57dba2
2025/08/20 15:01:30.365570 📦 New Block: 1260 | 0 txns | hash=0x4498c46a0303e64d8d250e008d19ae0eaa932c679e4339ac36d14e6b57f736d5
2025/08/20 15:01:42.370714 📦 New Block: 1261 | 0 txns | hash=0x207423fba8f276c2995220d5a0d04a8588e73bcc379dda68406beccb6b786e0e
2025/08/20 15:01:54.359898 📦 New Block: 1262 | 0 txns | hash=0x6f64d03f4ba4c68118f9db121793bb40868553302bad70e2f02b2ff897b2bf5b
2025/08/20 15:02:06.388276 📦 New Block: 1263 | 0 txns | hash=0x722a02c41e5d3686c1fccb2f848881dca4394e6b522b003f786aca1cbee7554d
2025/08/20 15:02:18.390000 📦 New Block: 1264 | 0 txns | hash=0x744c308ea44cf691f6b5eb6d40e1cd34a91c3dd8ebc49b09c64c531c37b70c06
2025/08/20 15:02:30.373198 📦 New Block: 1265 | 0 txns | hash=0xf08707292a7065ac0baa3f8488751b59b120afcfb2a31f5998f617fdbb979f9b
2025/08/20 15:02:42.387655 📦 New Block: 1266 | 0 txns | hash=0xf50a3700d58c63f1228649183391e043ecba5201ace4a9664515f6cac3b1c5c7
2025/08/20 15:02:54.365924 📦 New Block: 1267 | 0 txns | hash=0xbe544097b33746eac8986e44f4cab864ed0ca083a69ee4d822f10ba9c9ec9a57
2025/08/20 15:03:06.397801 📦 New Block: 1268 | 0 txns | hash=0x50cfaa8b2bdcba2c55217488876b706a7f99c5225db8732c4a72ddc5932fc272
2025/08/20 15:03:18.452836 📦 New Block: 1269 | 0 txns | hash=0x9d2a624619a8cfe8a38a718bdcc738f61e477c5ae14b09528eb4a3d8b767eb34
2025/08/20 15:03:30.404792 📦 New Block: 1270 | 0 txns | hash=0x545eb984c78e7825c5043b5e201398a9eed6af7bf8b67d013a17f31a30276719
2025/08/20 15:03:42.453897 📦 New Block: 1271 | 0 txns | hash=0xaa38b93613f743cc49b38b7167ff4be148fc285aaedac842b90456f95846ac6f
2025/08/20 15:03:54.441524 📦 New Block: 1272 | 0 txns | hash=0x22860d3fa076834e07116fe8a97d1785d3423b028cec7fb1498b77015782bf19
2025/08/20 15:04:06.422043 📦 New Block: 1273 | 0 txns | hash=0x1bfd60fe3740c6ec3e9426bf9b7d73610df64f81103dc4ceca19095c36362f0a
2025/08/20 15:04:18.476752 📦 New Block: 1274 | 0 txns | hash=0x65fb02f6e2e5a9cde6f1cce3b5c45e10005bddddc61ff9be5de6f3ae79505ada
2025/08/20 15:04:30.404435 📦 New Block: 1275 | 0 txns | hash=0x42929e7e60a5abb53278eddd18c9b7f75a4148c8a7e255bdc538c8a6c5ef283b
2025/08/20 15:04:42.408468 📦 New Block: 1276 | 0 txns | hash=0xb411d91b2e744a611dd05079254624f89ea365fd4343536609745587c4a05ff2
2025/08/20 15:04:54.381729 📦 New Block: 1277 | 0 txns | hash=0x33f724097a0521c1381033de60124ddfb7eed814c92ebb4e8e2746cf794db480
2025/08/20 15:05:06.410648 📦 New Block: 1278 | 0 txns | hash=0xff38b22003c6f965fc365b5b8e95c2bcb7d5838dfbde2b5fa3a8bb882986758c
2025/08/20 15:05:18.420596 📦 New Block: 1279 | 0 txns | hash=0x344cec2d38bfd34d7d1212a05efaf902939989f9939eea2f619c84d4565c1f26
2025/08/20 15:05:30.434083 📦 New Block: 1280 | 0 txns | hash=0x17fafad2d7275162a85c7a6169bc23f72bd37ed2d6f1ed72e812e870b5c31b8f
2025/08/20 15:05:54.483367 📦 New Block: 1281 | 0 txns | hash=0xbabaa4464e9b1f9d15b0eed560117e24827969d97726587b21daed1b2a221ce2
2025/08/20 15:06:06.413306 📦 New Block: 1282 | 0 txns | hash=0x62330d1e298ee666b8c256e45b60ddf0229dc68358fb0586624ba304f7902046
2025/08/20 15:06:30.401602 📦 New Block: 1283 | 0 txns | hash=0xc077d646ff04ad44af096b75a27c9887847865c6571c4d56c4319b7b86f14cb0
2025/08/20 15:06:54.425914 📦 New Block: 1284 | 0 txns | hash=0xfdf6930d5f462cf1beca0263e099f956a5eee99676737fc7fed35b73fc975b92
2025/08/20 15:07:06.433773 📦 New Block: 1285 | 0 txns | hash=0x9a8b23593a1c5c2c4d83532205a33611e671736f11daa0fccfc5f6b3afb57809
2025/08/20 15:07:18.458570 📦 New Block: 1286 | 0 txns | hash=0x7aa47e2e35dfc0f84929b0573e9e19f6efeb7f3d1374d73585ecff4dbc8f66f0
2025/08/20 15:07:30.456563 📦 New Block: 1287 | 0 txns | hash=0x662d56506d6b0a5e29391f9008caf1f1f69b6289898ff3ca26fb98d0a6ebbb7b
2025/08/20 15:07:42.425652 📦 New Block: 1288 | 0 txns | hash=0x5846621e78d078d915725aadef3eb10665132e5254a9a616afac9c2a91a02d74
2025/08/20 15:07:54.401523 📦 New Block: 1289 | 0 txns | hash=0xa2be5704f72f77f24e6d99660d051399e4787b0a48e4c00e6cafc21043e24481
2025/08/20 15:08:06.416273 📦 New Block: 1290 | 0 txns | hash=0x722e0f22141ce70734f90ce676ab7e7357911696196e4bc138c956db6a6402d0
2025/08/20 15:08:18.418417 📦 New Block: 1291 | 0 txns | hash=0xb45f4275dc5030ce69126dc08d4714dc39c18b07d2e472c23a5f163bc386ca38
2025/08/20 15:08:30.409185 📦 New Block: 1292 | 0 txns | hash=0x55801b630ad04dc3b2acb0f9e8594097f36fe509aa93559da8c606c85725669e
2025/08/20 15:08:42.417842 📦 New Block: 1293 | 0 txns | hash=0x824141584884f4858b74e7d7ef050043ec47f27591a0fc383454c3c016d93e53
2025/08/20 15:08:54.445079 📦 New Block: 1294 | 0 txns | hash=0x82ff673ced39093a8dea6ed9d27c7717d5111439f9c412d6d5925f0ffb35b2a1
2025/08/20 15:09:06.419150 📦 New Block: 1295 | 0 txns | hash=0xf535205e023c9fce00c7916cd95d001c32d24cce1b0bc3a4a9212bff99baf202
2025/08/20 15:09:18.447880 📦 New Block: 1296 | 0 txns | hash=0xdab2156a1ad5255a16f59c41cd2c79f4024bff8fa30b98bfea48eba92a9550a4
2025/08/20 15:09:30.432291 📦 New Block: 1297 | 0 txns | hash=0x927268ac464501040d4ff9bd946df2c386eee2e667391d84c575a697497a6700
2025/08/20 15:09:42.538668 📦 New Block: 1298 | 0 txns | hash=0xd8da62fccf76b7a3c5a9bece1b21c9053bd4114b847ec58abd682d9c10b07038
2025/08/20 15:09:54.424176 📦 New Block: 1299 | 0 txns | hash=0x9b0bc16220b4ece978dd88f4530373881643ff04303c94a3fa36ab3e69801b24
2025/08/20 15:10:06.436885 📦 New Block: 1300 | 0 txns | hash=0xe61cfd2c5121b21aef61fcc4cba70498b2b32f11afe9dc5404073059e16b3ebc
2025/08/20 15:10:18.452599 📦 New Block: 1301 | 0 txns | hash=0xfa305288b9cc858cdf04a1202c497a8bb9bd864bc27f3690246e192c1930cb2c
2025/08/20 15:10:30.452665 📦 New Block: 1302 | 0 txns | hash=0x55ebae1d577bd5f7d249637ce48a16e0491d07182478d8fe460937ad945f2f2d
2025/08/20 15:10:42.459396 📦 New Block: 1303 | 0 txns | hash=0x5e31a1a5e83fbbef7cac0dec9d07f0c089caed22bc8d83096954fe7b5cfddd68
2025/08/20 15:10:54.483540 📦 New Block: 1304 | 0 txns | hash=0x905abe0b3be3ce2e5c941363d935e75dfcd6b6458c6b84894c041ca506beb7b0
2025/08/20 15:11:06.409226 📦 New Block: 1305 | 0 txns | hash=0x92e2dd96487e8e72cc75b7db37cc9adcb6f5d87edfea426ff0f2872761ca67f9
2025/08/20 15:11:18.465416 📦 New Block: 1306 | 0 txns | hash=0xcc8547ac0e132398b8b96c4caeca89e8bdb132aae4917b08faf6f72ef6d7005a
2025/08/20 15:11:30.516660 📦 New Block: 1307 | 0 txns | hash=0x11ddadcc1da96ce042d0dc7db30464e958c2b0809fe4aad0ab73cb28b3b8366a
2025/08/20 15:11:42.523109 📦 New Block: 1308 | 0 txns | hash=0xd967d62c64d3be6be8e413b525c2282ac817746d2405dde93899415780f08f3d
2025/08/20 15:11:54.438650 📦 New Block: 1309 | 0 txns | hash=0xf2186b97ab4c3562905b2aeef78a20ac36986384f0f561ab6985ba49794f2f79
2025/08/20 15:12:06.403947 📦 New Block: 1310 | 0 txns | hash=0xfaea09d7bd12da29172e50069692e09ac67ea1d7d620be312c84483c758c0cd6
2025/08/20 15:12:18.463534 📦 New Block: 1311 | 0 txns | hash=0x822d8659defa8ab5debd0b64077d8ad64d39ce6f0cad733f7af22447aceaa134
2025/08/20 15:12:30.905063 📦 New Block: 1312 | 0 txns | hash=0xb80c80bf2b8c0926eb0bb35ba22b3f3f4139fca9ba9eb657a0db54b0ccdee475
2025/08/20 15:12:54.430976 📦 New Block: 1313 | 0 txns | hash=0xf2aae2a7892e1e50a5fd8d469cb74376487bc84236c70888072f6faa3fd57dd4
2025/08/20 15:13:06.417799 📦 New Block: 1314 | 0 txns | hash=0xf668f98a5d4c90b02c0b767ddee9b72237accea5b767e8020a433248676ff74e
2025/08/20 15:13:18.465095 📦 New Block: 1315 | 0 txns | hash=0x6a80d404d23df4e82569c524129273e2f2d4c42c8748f10e86bba65be4e61f68
2025/08/20 15:13:30.390316 📦 New Block: 1316 | 0 txns | hash=0x7051e3555da3d99c05757c9f26aac91a024d77132116bf3f3469035b5946aef6
2025/08/20 15:13:54.458171 📦 New Block: 1317 | 0 txns | hash=0x256556c27be9248069f90c92d5e4db66aa337d142909a71561b327121c7005f6
2025/08/20 15:14:06.476978 📦 New Block: 1318 | 0 txns | hash=0x487f554e9877774e20ac290c563a26f87c35bb8975458f3e70557195b9bbf96f
2025/08/20 15:14:18.454189 📦 New Block: 1319 | 0 txns | hash=0x9089b21f21cec4ae0add1503cd4685f42d7e8db1e7b3a5e42da5437c9db33a7f
2025/08/20 15:14:30.395482 📦 New Block: 1320 | 0 txns | hash=0x2c744da03e43e2ca02fdb67395db41df4924e9976c11b19ef0c4720d09cea9cb
2025/08/20 15:14:42.444543 📦 New Block: 1321 | 0 txns | hash=0x5a6db6c7acbb7476a7b589be5932016094448da16198b3bf3d4727cbb02ac886
2025/08/20 15:14:54.441618 📦 New Block: 1322 | 0 txns | hash=0x672db5c3ff1f3d0b8579031e5014ab83a058a5e88cdb84cfaeffee128831de37
2025/08/20 15:15:06.444518 📦 New Block: 1323 | 0 txns | hash=0xaf25b21a083cfb06b21c83cde523a6f1974451cc334461a2b48fd409f76aa933
2025/08/20 15:15:18.460970 📦 New Block: 1324 | 0 txns | hash=0x2619d0bee32e3dee5713f2466ae2498580fa3243b72cc30f1f8d5519ddc8f60d
2025/08/20 15:15:30.445971 📦 New Block: 1325 | 0 txns | hash=0x52a8bfa4adb76e20e17fa1879bf9b69e9d037a4bbaee4b7a6f0fe70e5be49319
2025/08/20 15:15:42.447659 📦 New Block: 1326 | 0 txns | hash=0x33f6d54b0a639d500a90fb1fa2804b914372e621a050112b601204758304b53c
2025/08/20 15:15:54.400292 📦 New Block: 1327 | 0 txns | hash=0xcdfbeceb5388c9539619fa7b17ceea75110c1212a8f3c17f653736f5bbde4a16
2025/08/20 15:16:06.551076 📦 New Block: 1328 | 0 txns | hash=0xe233242d4c981dc94ad4f431a3877b84084c1d10164fbb2de5433afbd805c696
2025/08/20 15:16:18.445601 📦 New Block: 1329 | 0 txns | hash=0xd070d6965349d01650bc1d5c781d23306bfbacd0792227fe660893c2d25799a8
2025/08/20 15:16:30.410615 📦 New Block: 1330 | 0 txns | hash=0x4a8425c8ce648c885d6be0cc710848995d88ab6ff2799fdec6c35957b5fe2ae1
2025/08/20 15:16:42.450829 📦 New Block: 1331 | 0 txns | hash=0x84ea010c8c2f50f82bb6aa0617108b0b7e2a44acf57e8cdb54ee6b66f3184d75
2025/08/20 15:16:54.411245 📦 New Block: 1332 | 0 txns | hash=0xad5ec19531d62d173cf7cd4c2e5db699c19837d5dd6098cabcafc44004472fe4
2025/08/20 15:17:06.431861 📦 New Block: 1333 | 0 txns | hash=0x44d1ec33a3539d9127b18fe10dc4f490800ebebcae560e59b0a781b786008479
2025/08/20 15:17:18.446914 📦 New Block: 1334 | 0 txns | hash=0x8c6c1f370e572cdeee6dc7ea69993a76b10ae8e17e24e69a3af78b3ae0b33619
2025/08/20 15:17:30.407889 📦 New Block: 1335 | 0 txns | hash=0x1f8e7a70428318b574d9a9a84d50ae37c7c98c0924b6289f489d9a6cb35182e5
2025/08/20 15:17:42.409638 📦 New Block: 1336 | 0 txns | hash=0x8c57ddc74257ef02ca1017de7e3556d81713ff3268ca9dd96174760b862b03d8
2025/08/20 15:17:54.410572 📦 New Block: 1337 | 0 txns | hash=0x0a556b8a0e084b7a6898238f39743b48728cde7e8b65ce8fbc7dcad6a2647aef
2025/08/20 15:18:06.446717 📦 New Block: 1338 | 0 txns | hash=0xe8b74a528633aa9f5e98f9394c7f54aa20e51f353a29eafcda8a9c2be4df70f2
2025/08/20 15:18:18.438391 📦 New Block: 1339 | 0 txns | hash=0xad6eacbcd8c48081d0f864c0a45ce57937c10d55eab8084424f270a18a3b1a28
2025/08/20 15:18:30.405629 📦 New Block: 1340 | 0 txns | hash=0xf7d154cde56a311c6a14317c79ed3872a824b895811cc28f363c2a88731b1a7c
2025/08/20 15:18:42.424150 📦 New Block: 1341 | 0 txns | hash=0x4136257ac4a8398e5a3ff9ef87221bba3f1c1e57f727c291c395f45eee340cd3
2025/08/20 15:18:54.412856 📦 New Block: 1342 | 0 txns | hash=0x2949fadc0a6a7d39347f93779802fb8374f6dbe264e9ca3fde1cdce1418f9c7d
2025/08/20 15:19:06.445733 📦 New Block: 1343 | 0 txns | hash=0xbfa340203c564950bb805715331be8944e1e63b729ea68b0d9448f2ed0c1c599
2025/08/20 15:19:18.453411 📦 New Block: 1344 | 0 txns | hash=0xa35f0cfd60375bc8cb7ba429e6e008ff72f460ddcdc089aae3bc51e4b63dd079
2025/08/20 15:19:30.403421 📦 New Block: 1345 | 0 txns | hash=0x00275a7724c485cba5982844853f4f655923434ce15017a1a63e3fccd98fe4ec
2025/08/20 15:19:42.418375 📦 New Block: 1346 | 0 txns | hash=0x829098d1db0424434d7ddaf968e1ac6b397c2b261a38e94160f85af3701ddfc3
2025/08/20 15:19:54.417122 📦 New Block: 1347 | 0 txns | hash=0xedb3ec5c59254881d385cad799d38060fe02a04a0ee7c63a516b16127bf48f5b
2025/08/20 15:20:06.447293 📦 New Block: 1348 | 0 txns | hash=0x3412f6b62c6cf7171e17dbc0aba38f5ffbd8d7c407c88497b74b7bc996c729f6
2025/08/20 15:20:18.412603 📦 New Block: 1349 | 0 txns | hash=0x95db22c677eb10bd5cfecbf5b02123d7b943c971c735fdd5b714374533b494a2
2025/08/20 15:20:30.406704 📦 New Block: 1350 | 0 txns | hash=0x3e8bfafed583a7daf33397c45b06f1195b7dc21d9bf46af6a3095caba59d96d5
2025/08/20 15:20:42.436815 📦 New Block: 1351 | 0 txns | hash=0xe6321275ef45f75bc9724d20b8dfe6b66b105e9d49e0bcee7491bbb55423425d
2025/08/20 15:20:54.387110 📦 New Block: 1352 | 0 txns | hash=0x90d61e67c0f79ea351e5dc4716a53cf123f01c44de88526c18570d5ffa42eef2
2025/08/20 15:21:06.381144 📦 New Block: 1353 | 0 txns | hash=0xcb445ad0f915f9875036c7d423afc29f953ea724451d00c74812ec7fc4043247
2025/08/20 15:21:18.396686 📦 New Block: 1354 | 0 txns | hash=0xefdd132e1a85a37c847e40782f8a27a1691c7dabc6dad88b11e0c94c8c828823
2025/08/20 15:21:30.393181 📦 New Block: 1355 | 0 txns | hash=0xa2116a5a46cf0b381d72ff7805b8e6cf5945582c65ae3bb29a2b1ac6e6417a0d
2025/08/20 15:21:42.416388 📦 New Block: 1356 | 0 txns | hash=0xff35302dd34be991f5a5ac4b7447ca1fbfe7f275170fe697c192fcef17a596a7
2025/08/20 15:21:54.404536 📦 New Block: 1357 | 0 txns | hash=0xe861bcf1c0da08adda5e9894d38333135963b19e6aefcbb3a9c65854e4ba0deb
2025/08/20 15:22:06.392849 📦 New Block: 1358 | 0 txns | hash=0xa3754a027c06d24abf8ff161d51a66cefa784d057427405d431d806e70feaf6b
2025/08/20 15:22:18.400011 📦 New Block: 1359 | 0 txns | hash=0xc175623979a1bb5b37b4a779997738bb9f9f4bd2aab3c9de66d3a6ccad55a429
2025/08/20 15:22:30.451733 📦 New Block: 1360 | 0 txns | hash=0xa588d6fafd00366b156a5b449892a125ded247ccd1d1eb81ff894345167e9685
2025/08/20 15:22:43.147488 📦 New Block: 1361 | 0 txns | hash=0x55ae4c0a0cdb0af8c4e8cdff0a04997353294f78fb41567d7befbb7ef8c5e349
2025/08/20 15:22:54.397473 📦 New Block: 1362 | 0 txns | hash=0xf1b203275a49112c432fd231dc5e039a691d9d439eec192128ff6cdc3e71c7bc
2025/08/20 15:23:06.419506 📦 New Block: 1363 | 0 txns | hash=0xb876c516f1d43e04805a44c5983a9573f3c057f546e694eb5b66a07d7fc0b0a0
2025/08/20 15:23:18.402500 📦 New Block: 1364 | 0 txns | hash=0x9dade6ff79de68a96caca4113ed01a9785b8a0a6d7092b96d86458fae1f93e8e
2025/08/20 15:23:30.376050 📦 New Block: 1365 | 0 txns | hash=0x083c25760096cb5021172b97f456e39a950068f45be681983f7b345d2674339e
2025/08/20 15:23:42.378475 📦 New Block: 1366 | 0 txns | hash=0x2bc6aad2c33e34846e714d1200fa0748b90c844bffd48cb7dbc7bcd1fbc484dc
2025/08/20 15:23:54.393875 📦 New Block: 1367 | 0 txns | hash=0x8e67892962e31208e3af652d9c1cbd5bcf76f01e1f58a45033b28878c21d6147
2025/08/20 15:24:06.421019 📦 New Block: 1368 | 0 txns | hash=0x917e26084f75ace5744b3f7035829bbeee042131dc56ac1fdda4dc268ab0db72
2025/08/20 15:24:18.414469 📦 New Block: 1369 | 0 txns | hash=0xb88784e08f2db9ba295a51fe4df04daa2105b7572da7b50c600d3cca70f8f094
2025/08/20 15:24:30.392059 📦 New Block: 1370 | 0 txns | hash=0x1e19f7018cb0493194773120695b3218ffbe03e6fa903dba3315eda9d173e59c
2025/08/20 15:24:42.405204 📦 New Block: 1371 | 0 txns | hash=0x96023e54d2dd48f9839097bba70e19b57bcd84f07c0870456104f0f7df32281d
2025/08/20 15:24:54.385548 📦 New Block: 1372 | 0 txns | hash=0xb64cc1d6526b2e3cfae3460a6d5cdefa0c36915e562b15461b6c776138c48a7f
2025/08/20 15:25:06.394929 📦 New Block: 1373 | 0 txns | hash=0xd3c4311366584f88341b8cfce73549fd219e1a31589023285f149f109f5de93b
2025/08/20 15:25:30.399188 📦 New Block: 1374 | 0 txns | hash=0xfc23e421e631219f71bb5b7c48e5b36c459084163a86e369fcfdcb80136b297c
2025/08/20 15:25:42.388745 📦 New Block: 1375 | 0 txns | hash=0x6d3b1571ebd20d11c7745d12acd373077dd3fb8c37141ce639ed1cedfa43d394
2025/08/20 15:25:54.379263 📦 New Block: 1376 | 0 txns | hash=0x7c2bdfef44c576642b4716ab7297a0b797da277cc413659ffa678a52d8ed9e60
2025/08/20 15:26:06.388562 📦 New Block: 1377 | 0 txns | hash=0xa3ad0b7b5ccc2380fd7de65c61ef2d5ac0561727786dcf9814128d2c8e2a02da
2025/08/20 15:26:18.415622 📦 New Block: 1378 | 0 txns | hash=0x5066b1e98e8549ac1d35558a060eebd6db034ede73c07ea080378f0e862a4b91
2025/08/20 15:26:30.373857 📦 New Block: 1379 | 0 txns | hash=0x6377e77f6deca0d73ef0171adffb01c63727c15c3c839b153ece9ce163187229
2025/08/20 15:26:42.362623 📦 New Block: 1380 | 0 txns | hash=0x787dd8fbddbb8b38528c6ed6533c46e698d3c543cf5604efeb1e6dcd0aa58a30
2025/08/20 15:26:54.385057 📦 New Block: 1381 | 0 txns | hash=0x2bd17840daf7de1de113143ffac8ead8d1a02d8fb3bc7b2c8d0fe152bdc8537c
2025/08/20 15:27:06.374135 📦 New Block: 1382 | 0 txns | hash=0x51ea65f1691e7beeed10f16184442af7bf98ffc23dc6cfd4f0e7d88ee53a1fc0
2025/08/20 15:27:18.425750 📦 New Block: 1383 | 0 txns | hash=0xc65025b91a2aa2f4a15f2cafcef99c9d30cf90694539f653b89a932ee9942354
2025/08/20 15:27:30.379287 📦 New Block: 1384 | 0 txns | hash=0xbf5a1eb8b4c2113ea0c325a99c52a9df4c70a21e74f6de9acadb694c38580a69
2025/08/20 15:27:42.380376 📦 New Block: 1385 | 0 txns | hash=0x0373e0e96bf61695ec0b1a1dc6e015d5ac6bb2426307ac82f9a7b48c90763f00
2025/08/20 15:27:54.415709 📦 New Block: 1386 | 0 txns | hash=0xffd1b01f861f8f579093d3efcc9eeb414824fc2b881f8d6d4831f90b5fb7c3d3
2025/08/20 15:28:06.393093 📦 New Block: 1387 | 0 txns | hash=0x2cc1e2e70da9e8e6879a899c84278ccfc3d9be75b3c0e5a5809deece116862f5
2025/08/20 15:28:18.401923 📦 New Block: 1388 | 0 txns | hash=0xde82ff2e239870dcdb0bbbad12dab45e836c0944da3cd214be5f015362398b1b
2025/08/20 15:28:30.372443 📦 New Block: 1389 | 0 txns | hash=0xb0ff61cdc977602ca4939cc947c4947fb53bec0dcb23a6981cbce12979697989
2025/08/20 15:28:54.477397 📦 New Block: 1390 | 0 txns | hash=0x94ab1d90f248a6c464d3ca4743cfcfe96d0c36a9aada0d5ca53712fb1a2b74d5
2025/08/20 15:29:06.396011 📦 New Block: 1391 | 0 txns | hash=0xf69ccf885f0ced83ea3dfed4dccd823c5ab4464623dce34391451b543822d913
2025/08/20 15:29:18.392615 📦 New Block: 1392 | 0 txns | hash=0xaf8559c6107c639b2503a489123813a0717b115752cad59cb9b8db5d65891e2a
2025/08/20 15:29:30.376770 📦 New Block: 1393 | 0 txns | hash=0xce940c618d2ef2e589de44327a9569795de2b68d1f134279f73fb2c7e84a3dae
2025/08/20 15:29:42.369883 📦 New Block: 1394 | 0 txns | hash=0xa353ad9a13057d3cdb29ee6b2975b82d8c16180fefc5ff32bb6be81ea063b3f1
2025/08/20 15:29:54.383883 📦 New Block: 1395 | 0 txns | hash=0xe335bfd2dd2372c2b12b5cde17a08911a924fa31f4a1b7983d81f26e47471586
2025/08/20 15:30:06.359675 📦 New Block: 1396 | 0 txns | hash=0x4bb73de1f5a9c42652d554320ff2ce5643e9f04a181066439daf7d91727e0908
2025/08/20 15:30:18.411852 📦 New Block: 1397 | 0 txns | hash=0x082015ebbeb8acfcb062393e3ccb7dcf97d4376eebaa7c2e19ce78fd58e64b96
2025/08/20 15:30:30.367249 📦 New Block: 1398 | 0 txns | hash=0x0d3995e5f5b5b15fa8e3f29c22ad538c7c0f2d038c77dba92e8d602de48cd956
2025/08/20 15:30:42.370415 📦 New Block: 1399 | 0 txns | hash=0xba9891f59585f0465a229dc797d326d5d45817cd246da935c7faf9fad684dd83
2025/08/20 15:30:54.367358 📦 New Block: 1400 | 0 txns | hash=0x999e406d3d9b3d0e85f25122b733bae351896a1beb1a419d62707294af08f4e6
2025/08/20 15:31:06.377457 📦 New Block: 1401 | 0 txns | hash=0xbb87cee2084c6e7f9008b583d32370dfd9b73da57d0b685f2a0f90c6555b7569
2025/08/20 15:31:18.381739 📦 New Block: 1402 | 0 txns | hash=0xfd31e088a94b9edd24d3db4efd92417bdfa748ad875db365f145f73b13dec567
2025/08/20 15:31:30.361454 📦 New Block: 1403 | 0 txns | hash=0xf39edaf1375c571b49623d09ace57f83b14f3b080c6244c40c0eb0aec5b7f605
2025/08/20 15:31:42.391905 📦 New Block: 1404 | 0 txns | hash=0x92ec7f04559b32328484d06511b71b4121702eb6e2a83db9dae9331724d925bb
2025/08/20 15:31:54.407752 📦 New Block: 1405 | 0 txns | hash=0x6002c07f1db48e078f3a4033074bf1416acc5652d08e2e030c66c3cd1fcd3014
2025/08/20 15:32:06.367715 📦 New Block: 1406 | 0 txns | hash=0x204a5287f278f01ba4126d44298a50be74b5c61a3f259dea1052197f77fb221e
2025/08/20 15:32:18.471851 📦 New Block: 1407 | 0 txns | hash=0xd3b06594485642959b3a85b951343efe8e0bac15bf05494164cf3482e4f5c598
2025/08/20 15:32:30.364463 📦 New Block: 1408 | 0 txns | hash=0xdca2945ea1b99df195b2ce8cc6c836c52f2c4a338e3ec34e59dd902589c63639
2025/08/20 15:32:42.389813 📦 New Block: 1409 | 0 txns | hash=0x42c9994164a6ffb1f1221318e354dfe936d26ebb1db9d6efbe44d9036858d510
2025/08/20 15:32:54.388430 📦 New Block: 1410 | 0 txns | hash=0xb4f2490646d57b24420eef4abba1580125f9e0ea8386c00ca4a8f078fbb7240b
2025/08/20 15:33:06.393602 📦 New Block: 1411 | 0 txns | hash=0xc8b9e5cd3c842c8204338dd25c863ed7f9350d9399dcc95882a19b99ddb21a43
2025/08/20 15:33:18.415671 📦 New Block: 1412 | 0 txns | hash=0x1734201594c860014755ea3e22be8bbf1db61a81dbd5126b4cba120b86ecdd46
2025/08/20 15:33:30.373227 📦 New Block: 1413 | 0 txns | hash=0x64a49bee3dcabca124ae4b3e25ec1006e23c2905a515d043e378688f0f4bc96d
2025/08/20 15:33:42.391627 📦 New Block: 1414 | 0 txns | hash=0xbfe9a233e1d195d3c79e9a8fb90a8de596b1468db5b8007172c778ddee6386fd
2025/08/20 15:33:54.381655 📦 New Block: 1415 | 0 txns | hash=0xbb2c55c7930be60a758d2cde6743fe68f67ddb049e3e0f64dc0122c740a727ab
2025/08/20 15:34:06.375498 📦 New Block: 1416 | 0 txns | hash=0xb4ca810971f5c9a1d5ab1ee53f5c700bb5670ab5d1c45d02d62322c0d6a3a26c
2025/08/20 15:34:18.412715 📦 New Block: 1417 | 0 txns | hash=0x8dc8d03b6bed4f7d0d8afb51e36da28a42657acaf93516090a132338e469c6fb
2025/08/20 15:34:30.394739 📦 New Block: 1418 | 0 txns | hash=0x8d62a2265283992c424c2ec52242f5be7dd351ce24cb1dbcb57ade33936fe7c7
2025/08/20 15:34:42.396397 📦 New Block: 1419 | 0 txns | hash=0x37379b6dc6f7f6e83a0fbf4edbf9a276b62ae6f78f45acc1e25134223da3bebb
2025/08/20 15:34:54.383099 📦 New Block: 1420 | 0 txns | hash=0x37c2469dc00d57dd0d7084d39d476502c15cdabf4b1172bedb0bc990368c48a5
2025/08/20 15:35:06.468443 📦 New Block: 1421 | 0 txns | hash=0xa0ede713adefeffacc7491485934165c91cfc1c8d5c89801619a1dc4cd287981
2025/08/20 15:35:30.385314 📦 New Block: 1422 | 0 txns | hash=0x4ffc9fe77e1903fd9b3d3c567868a157b31dfd6d814bdfd2a3f9ac3d6ed55d6c
2025/08/20 15:35:42.359411 📦 New Block: 1423 | 0 txns | hash=0x1e252d992e2ee1c5432555d53f688d9ec997e9a2422fbae08a3218fecd5f4860
2025/08/20 15:35:54.367293 📦 New Block: 1424 | 0 txns | hash=0xd0fc2b6c5979246cc563011efb87323843f38321853892b3ace26a1238886d6b
2025/08/20 15:36:06.360677 📦 New Block: 1425 | 0 txns | hash=0x17ddcf2d3f8b9a4ef1a7fa8412a4bc98a331b9dd1f02e6f67ff0dd9ad792f3f3
2025/08/20 15:36:18.403385 📦 New Block: 1426 | 0 txns | hash=0x964f6e922ba7e8c9b344dc9caeff3fd86651908ac394f6700a6b3a82caa5cb9d
2025/08/20 15:36:30.387295 📦 New Block: 1427 | 0 txns | hash=0xbc58cc51f37350784b74788d74272e15edcf7437575481bc3e7b38a13b988a0c
2025/08/20 15:36:42.387176 📦 New Block: 1428 | 0 txns | hash=0x60615ff667ef3213f3f05c22f2b95d58d568b18ec7f76c0e56165fc10f962749
2025/08/20 15:36:54.367240 📦 New Block: 1429 | 0 txns | hash=0x0eaa7880bf59486ce65bfed4d549d96a8958be3b034ca23da320eedfcf0f9611
2025/08/20 15:37:06.404602 📦 New Block: 1430 | 0 txns | hash=0x91c53c8332fb792181f9a4ff983b32eb98662359fb4b410b5a41f914237db3f4
2025/08/20 15:37:18.405170 📦 New Block: 1431 | 0 txns | hash=0x9a3b5ce3455b9db7d52016f81618a761f433a47728f145da1312878d46b4a12d
2025/08/20 15:37:30.403267 📦 New Block: 1432 | 0 txns | hash=0xf9b717e67a27477f8fa28a13d6e380932eccae02f53530b1fe48124a61d6322a
2025/08/20 15:37:42.402244 📦 New Block: 1433 | 0 txns | hash=0xe1397914920a8d03e00befa62bb5bc34ccb33e1a03d5a0788cb8d320e4425801
2025/08/20 15:37:54.374670 📦 New Block: 1434 | 0 txns | hash=0xa6fe22a1ef5cef159a54bacfe7eb655e1c0c2e630092999f1075049ca1a0aa3b
2025/08/20 15:38:06.405216 📦 New Block: 1435 | 0 txns | hash=0xa95c6863ba097e008441a6d30bb99b5b157421759297fcece166157868b3ea8f
2025/08/20 15:38:30.389783 📦 New Block: 1436 | 0 txns | hash=0x2ad2f73345cc52cb68d12436cebc1fbca65a26b3842b137fe9b50aebfe5b7658
2025/08/20 15:38:42.387028 📦 New Block: 1437 | 0 txns | hash=0x2170a5925348157562d625df1202ae3bb0db56d2958cffe0268716913253568a
2025/08/20 15:38:54.408272 📦 New Block: 1438 | 0 txns | hash=0x368d2aacd176602d241a416b25c2ad4f9efe50cece0e40bbf4e3c036778db6ac
2025/08/20 15:39:06.398041 📦 New Block: 1439 | 0 txns | hash=0x71513b9040b059cef7977a25be97760ec6c7a6a0f9440f2a372c4e4a32ec39b2
2025/08/20 15:39:18.415725 📦 New Block: 1440 | 0 txns | hash=0xde58fa13c9ad25d0e8347f84fccd70758052fb374be5d341cc42b0e77358a34d
2025/08/20 15:39:30.435181 📦 New Block: 1441 | 0 txns | hash=0x328eda433a170aebc07d16cecebb3087055b66b49a49b244951f698638f7e102
2025/08/20 15:39:54.392773 📦 New Block: 1442 | 0 txns | hash=0x61d871ebaca3e58e31e29fdf7c645a82ca530c16868e1b1b3e65b8725d7af8f4
2025/08/20 15:40:06.405574 📦 New Block: 1443 | 0 txns | hash=0x27ddd590f08ca65432da90871885b61ca110faa983cda2c5a321646007a8190a
2025/08/20 15:40:18.467284 📦 New Block: 1444 | 0 txns | hash=0x5fd82b6c3475c790e0c910aaec5ed8e69fb27290e42828211b8c492e9c7e439c
2025/08/20 15:40:30.524729 📦 New Block: 1445 | 0 txns | hash=0x1f768cc021a73dfaedac1d4a2885c4a6a9ea910f02ef9bbbc5d3dcd446a3e078
2025/08/20 15:40:54.388793 📦 New Block: 1446 | 0 txns | hash=0x5dd296d8879ff5f07f1216f37859bc389d214238326b7608c74a62d6ffd75baf
2025/08/20 15:41:06.400495 📦 New Block: 1447 | 0 txns | hash=0xd82150072ff57e222148b3f0b7ffacfac919f34fb979d0c9d02084a27833e5b3
2025/08/20 15:41:18.412574 📦 New Block: 1448 | 0 txns | hash=0xefdd03c4fbaab35a0662098a0f32de7893e717aab6ae8b72b78d4a42e5ed1d05
2025/08/20 15:41:30.386319 📦 New Block: 1449 | 0 txns | hash=0xeacb97191212a0ba35a9cc901de3806ab82d6d746dfdb1d6e4e18aa2b0d11d29
2025/08/20 15:41:54.373241 📦 New Block: 1450 | 0 txns | hash=0xa56ba7f75af258b94b42aefd0cf69f23ed2bb1b25a7fe81e3d7472daf893604a
2025/08/20 15:42:06.382567 📦 New Block: 1451 | 0 txns | hash=0xe42d62b6e99a88e97f25f4713d71dc4c470b144a618b3c3bb930ac62465fdc33
2025/08/20 15:42:18.430709 📦 New Block: 1452 | 0 txns | hash=0xeedcc99602cb1083f4139fedbf561d826330a6754457b61b6a859eb5a7fdd6be
2025/08/20 15:42:30.378115 📦 New Block: 1453 | 0 txns | hash=0xe8ec93e6092c117e5f7e7b66b717538302e65393d59027fea9f7de42378a4a07
2025/08/20 15:42:42.381613 📦 New Block: 1454 | 0 txns | hash=0xacfcacb35c39c7adbf47da027e553ef5806560b712b5f6b5be240849f4ae3e7f
2025/08/20 15:42:54.424927 📦 New Block: 1455 | 0 txns | hash=0xc806b7f945deda702f6769c44f2c0b214a853af75b2972ec48417adc32b327f3
2025/08/20 15:43:06.425101 📦 New Block: 1456 | 0 txns | hash=0x927f1f8590a00563f1db8f3b72bac2302bed49809273f7db2478d0435ad3f5e7
2025/08/20 15:43:18.430728 📦 New Block: 1457 | 0 txns | hash=0xc0693db1faa22ecfa84a1a3543f26fd40aefddb254cd747262edcf0bb38903fa
2025/08/20 15:43:30.413340 📦 New Block: 1458 | 0 txns | hash=0x69fc9a76908c188b451cd7fb2c5854c70303311d9eedfcfa5b43f8f310e164e5
2025/08/20 15:43:42.378481 📦 New Block: 1459 | 0 txns | hash=0x48bdaee8b3e611334aa02814c36ebd444eeb5638e88024d244ab863864fdd1c0
2025/08/20 15:43:54.415590 📦 New Block: 1460 | 0 txns | hash=0xf6df36417b7cdb59245ab360ba61387e1c5ead3b02dc88d66b722fd174dfb34e
2025/08/20 15:44:06.407719 📦 New Block: 1461 | 0 txns | hash=0x785434af6794e9337589f919e3ed5d055cf2c331d64b167f1305c0e4f9b4e66c
2025/08/20 15:44:18.445507 📦 New Block: 1462 | 0 txns | hash=0x7a8d38ce4e1089184d9c04d0811e0ebf6e7db5dd82436a22f6fa2472c7dbc040
2025/08/20 15:44:30.408342 📦 New Block: 1463 | 0 txns | hash=0x4ffd54b446bbc89ae8210ba854c7d68b74b143234bc80caf9be305399ce144ba
2025/08/20 15:44:54.388061 📦 New Block: 1464 | 0 txns | hash=0xae6f87b3b3e446cd0d366b727b0a52935e327ca2bd25199ac5863686ff268a80
2025/08/20 15:45:06.431152 📦 New Block: 1465 | 0 txns | hash=0x9b99877881bd192271857575ef276e0cb36e8320b9127d93af2179459ac62755
2025/08/20 15:45:18.442909 📦 New Block: 1466 | 0 txns | hash=0x47aebacc6929c71ec74cf8adbc5a556ea1843d94360640121234659b7a6b4714
2025/08/20 15:45:30.408525 📦 New Block: 1467 | 0 txns | hash=0x398edd70302931e73289128ec46879064f31cc77e12c3fd520e5bb587b2a58d4
2025/08/20 15:45:42.452088 📦 New Block: 1468 | 0 txns | hash=0x80b9d5967a9e01916e6ce4de6a73a49f03bf7103f2c783e3bb19b5b25e429fe6
2025/08/20 15:45:54.999778 📦 New Block: 1469 | 0 txns | hash=0xa6df93ade91696602ae94cea7801ae7e26272c2f21bfe50e2a197a95d9240bba
2025/08/20 15:46:06.406171 📦 New Block: 1470 | 0 txns | hash=0x72a8600522d3d4436509642349d89f024e74470eb1d300f02e501ed1290fc186
2025/08/20 15:46:18.420820 📦 New Block: 1471 | 0 txns | hash=0x05f05b6f288fba82cc79c78b88e0bdf3228a906f6381397881652810ef9aabec
2025/08/20 15:46:30.385553 📦 New Block: 1472 | 0 txns | hash=0xcf4b2c25829de1bde00b38e49b12e1f053ec0f490dd1f7b0b0b2b5ad74d750f8
2025/08/20 15:46:42.446070 📦 New Block: 1473 | 0 txns | hash=0xa131a09cda2514306e6bc3e5a1bbd071d49106d6356f9da2e59f5bc2fb61ec90
2025/08/20 15:46:54.401779 📦 New Block: 1474 | 0 txns | hash=0xe424533fd64791019a4dbece938359c5420126518af27bd84d6319c1cdcc3a87
2025/08/20 15:47:06.404256 📦 New Block: 1475 | 0 txns | hash=0x2b5242ecf88846e3a5a26bf0f63f46fba7033c4d73e21e60d3e0ad552c8c41b3
2025/08/20 15:47:18.422990 📦 New Block: 1476 | 0 txns | hash=0x92366b5ab86c57dec8dddf440c919074910857a5b5d582bf9aaad9cd8547d744
2025/08/20 15:47:30.380610 📦 New Block: 1477 | 0 txns | hash=0xcb3afc7bf7b2de7a421cdc4c7157aa156a5ab5e5aae726df3c63433d85b973e1
2025/08/20 15:47:42.408562 📦 New Block: 1478 | 0 txns | hash=0x3ae651ac06e47434006da1b6485368fd1eaefff253578057a37fa91fc8fb39a3
2025/08/20 15:47:54.392753 📦 New Block: 1479 | 0 txns | hash=0x510def605689cb822a3a4b286fbb97b90a9da5a7cbab5d5318b74e9fde90c694
2025/08/20 15:48:06.448193 📦 New Block: 1480 | 0 txns | hash=0x467d8a8f9f0262558e21cd28dd8bc77be447075728f2a0bd4d7d3b4e6268ede2
2025/08/20 15:48:18.451836 📦 New Block: 1481 | 0 txns | hash=0x74a4aedb1813fa65a749869e0de7ad248d43da9ccd2dac054189237dabc24bcd
2025/08/20 15:48:30.377430 📦 New Block: 1482 | 0 txns | hash=0xa43e22f05411ed1b6da5869d6ae0e4482ec2b65bd8685bbac202ebc944dbb6ea
2025/08/20 15:48:42.403724 📦 New Block: 1483 | 0 txns | hash=0x9bb2626f83bba5964e0e0f9e54fea33e145261d117091bd26b0a23cf0411e0b5
2025/08/20 15:48:54.398532 📦 New Block: 1484 | 0 txns | hash=0x743e1b4df2c5520658c34ea50f3035430bf94b12ccefbf2297a5af528c0a70ae
2025/08/20 15:49:06.393723 📦 New Block: 1485 | 0 txns | hash=0xb4cac08dfb3f9c9dcda65d0d917dae34d059415e5ad4bf7111f59d7b1660bea4
2025/08/20 15:49:18.445748 📦 New Block: 1486 | 0 txns | hash=0x83479a265146abfc19dcdf84ad210934002c18b121cc199beff27c7248224e55
2025/08/20 15:49:30.391067 📦 New Block: 1487 | 0 txns | hash=0x6304e475c23446fac57f9d366ab9a3d4ebaa4a434eb07f750f29ac0a65a62d0d
2025/08/20 15:49:42.429187 📦 New Block: 1488 | 0 txns | hash=0x359a564ed1cab72b7226891d6a3c999e3a81c25b91dd4bd7c955c83752a427d7
2025/08/20 15:49:54.398921 📦 New Block: 1489 | 0 txns | hash=0x5a0ffd994eba5146ae17d9b1c869fd8bd384e7df1dada3d8ae9be7a4e898d3cb
2025/08/20 15:50:06.403708 📦 New Block: 1490 | 0 txns | hash=0xbb9030bf916a5fd4e0308fd429fde340fb6024856ec58d9f98746f49034304d8
2025/08/20 15:50:18.402368 📦 New Block: 1491 | 0 txns | hash=0x937c2a0ef0b22d60271200ddbe42d55c10e88cb301a8b8ac17b1037692e75a2a
2025/08/20 15:50:30.386611 📦 New Block: 1492 | 0 txns | hash=0xef1cb200573affb9b20139373da74cbdf06127fa3eceeb7f8659a19ad38abaa4
2025/08/20 15:50:42.393218 📦 New Block: 1493 | 0 txns | hash=0x1a893190edf6d9271cc2e3df4035f4538b7a120414ae504bbd63241690d7ee25
2025/08/20 15:50:54.400907 📦 New Block: 1494 | 0 txns | hash=0xe1b8ebe9b60e48dbface442a4cb8ad0da26bb57f172ad96c10e9aecd9d56811d
2025/08/20 15:51:06.380147 📦 New Block: 1495 | 0 txns | hash=0x83a136759f9f773d6dc6e06274ff5454b41aeb008e695cf339a593588aa6400a
2025/08/20 15:51:18.403441 📦 New Block: 1496 | 0 txns | hash=0x68a09c120eb70eeeb98bd914967c989bb0aef42415e4ebb142e4a10ad0262a84
2025/08/20 15:51:30.408510 📦 New Block: 1497 | 0 txns | hash=0x23fea3ba419f428ee7a7c9712a59bda8b72bfa68f313f3f3d9c65d1d55171231
2025/08/20 15:51:42.377575 📦 New Block: 1498 | 0 txns | hash=0xf83080ffa68f19e1db3b3743e484cb0e4d0835bdeeb7b4da0fac3c3568647e8d
2025/08/20 15:51:54.396306 📦 New Block: 1499 | 0 txns | hash=0xe8eed696c07ee57fcae7b01b6890a22fef596fc9f1f950d1c34247a764462d8c
2025/08/20 15:52:06.390958 📦 New Block: 1500 | 0 txns | hash=0xba847310d789cda663e086ba20aa3dcb89e59391e903c0bff22116718de8d820
2025/08/20 15:52:18.402790 📦 New Block: 1501 | 0 txns | hash=0x66a139fa87b4340c015d63c725d7a26d831b16aa0ce298f4052108f608b5a897
2025/08/20 15:52:30.388729 📦 New Block: 1502 | 0 txns | hash=0xe81e98423da1fa3f32dfc703b7bf1ca6e8baf32f0c55860f2bb89e76e1811c1e
2025/08/20 15:52:42.377067 📦 New Block: 1503 | 0 txns | hash=0xfd2365ea0ce3235d4d6878524e60c8f1ade8439383d50f00816a93026778d954
2025/08/20 15:52:54.370106 📦 New Block: 1504 | 0 txns | hash=0xb300f8aef7c748ef1965141559824c271d5c87546423b64d1937b5cc411638b2
2025/08/20 15:53:06.411000 📦 New Block: 1505 | 0 txns | hash=0x9054d4a05318b363b2d077421aa49446854b31ed09c48ecc9368489adde8e486
2025/08/20 15:53:18.435830 📦 New Block: 1506 | 0 txns | hash=0xa39657b2840610f87c0cc270600189136ece424bf025fc9a962144eedb4aaec9
2025/08/20 15:53:30.423097 📦 New Block: 1507 | 0 txns | hash=0x3226349748e93d800794a2e68d5e821f5516f0dbf93b19b62d6f9668cc2323fe
2025/08/20 15:53:42.410238 📦 New Block: 1508 | 0 txns | hash=0x19f0aa7fa3ca0519ba009fef5a10117092ab95d8d464b5122fcaaaa8537788b1
2025/08/20 15:53:54.413819 📦 New Block: 1509 | 0 txns | hash=0xcc36a4abf25d06f3e1b7287890eb87872b903bc66c0a44f004e6756f65055934
2025/08/20 15:54:06.393080 📦 New Block: 1510 | 0 txns | hash=0xc9d85955d853d75d4d123128f5ff060e8e4bde4f7475418f74e5e12343934c21
2025/08/20 15:54:18.405290 📦 New Block: 1511 | 0 txns | hash=0x89fecda2a0d8fb6306b49af1d4e579465ca876657cc6103670f8cc248db376ac
2025/08/20 15:54:30.426931 📦 New Block: 1512 | 0 txns | hash=0xa2dd6467734d8e211a8c611a1f270e0778928e875e0bea22aa4b74794d5a6b25
2025/08/20 15:54:42.397909 📦 New Block: 1513 | 0 txns | hash=0x4ac0f73ba56a2e162cb04ba04a602ba1319c4c2dd07d1cd228a9a05fea62a90c
2025/08/20 15:54:54.388188 📦 New Block: 1514 | 0 txns | hash=0x1e02e54288090febe841361990eb48d846e5d6289dd00dc22a68142aaf30ed0c
2025/08/20 15:55:06.398783 📦 New Block: 1515 | 0 txns | hash=0x4aa8fd0b5ef904b756b47dbd3bb18110304df5aef8fdaef73efd37564f636fae
2025/08/20 15:55:18.415794 📦 New Block: 1516 | 0 txns | hash=0x8a79f373abb9665559e883ed35a1ec3128e39bd4dc5d938b08166f7811d0dd4a
2025/08/20 15:55:30.408027 📦 New Block: 1517 | 0 txns | hash=0xaf3316cf9c7847daa17dc842f356aa69de35d720c2c0cb960784169aeef60556
2025/08/20 15:55:42.379149 📦 New Block: 1518 | 0 txns | hash=0x8906ca43fb7c7faa48042a64aecc3357d4a6f2ae08d54a6b0db4b1b21f477bec
2025/08/20 15:55:54.362629 📦 New Block: 1519 | 0 txns | hash=0xce316ed72729fe338c34d77bb0a185df02a856ceef5a792a282879f8cffe85cf
2025/08/20 15:56:06.386708 📦 New Block: 1520 | 0 txns | hash=0x9d94faacb9b3cea18cd7a7b5b41d193d96d6eb515b72aad15787abf445e906b6
2025/08/20 15:56:18.382769 📦 New Block: 1521 | 0 txns | hash=0x3e1473af50b1049b8e70972e7c0a25666d5ad17463588f61f883f7313be53000
2025/08/20 15:56:30.384893 📦 New Block: 1522 | 0 txns | hash=0x997d5936e20af1fa31bd8cbac245b97dd10b769916a3d0694c83b848d326f4f1
2025/08/20 15:56:54.345289 📦 New Block: 1523 | 0 txns | hash=0x5a156458308efe4b386efd9b7df67c8fafd417761158a1e1074d6c725fbb3665
2025/08/20 15:57:06.391065 📦 New Block: 1524 | 0 txns | hash=0xf551581df8575b874ba67c5509f4bf2393a5ba09594209517079d72476ce23f5
2025/08/20 15:57:18.423432 📦 New Block: 1525 | 0 txns | hash=0xa49a84aa923d2ac5b0ba76881dbfa5a47ef8970949ca7732eb8d2cca53d2d255
2025/08/20 15:57:30.371132 📦 New Block: 1526 | 0 txns | hash=0x9fb915fc3b42324f8958b32f700be4d08e52d8062507e19f35b599a93df2ae15
2025/08/20 15:57:42.377107 📦 New Block: 1527 | 0 txns | hash=0x3567659a4733ddc5f0616a90698800e0a1bea12a07baa9b6ce5e42398d033012
2025/08/20 15:57:54.367943 📦 New Block: 1528 | 0 txns | hash=0x69839722ae13a3edd599491dfdb177a76672927bc90ce62a4a40c7765ac680b1
2025/08/20 15:58:06.374427 📦 New Block: 1529 | 0 txns | hash=0xe1c3b0f022404e152d1897d2feaa4704862564bb1a2d8329a928cab2640abae0
2025/08/20 15:58:18.422773 📦 New Block: 1530 | 0 txns | hash=0x78ee6872f635008beb2644b81af945c7a11cc4823e73d191ec800a1b6fc5f2cc
2025/08/20 15:58:30.396088 📦 New Block: 1531 | 0 txns | hash=0x5d57e3137ab04c205e42d0d771de014bac61237a0389486ae5acb375210eed20
2025/08/20 15:58:54.381755 📦 New Block: 1532 | 0 txns | hash=0x0cd169102ac39c51f8dbc2678d332dd310f92d19e700ba5bfb600d83c3279ba6
2025/08/20 15:59:06.385407 📦 New Block: 1533 | 0 txns | hash=0xe8ab71c28a78e37ab90598c970061b1e6846e37368822a990e1e5015155f073f
2025/08/20 15:59:18.445521 📦 New Block: 1534 | 0 txns | hash=0x7e7aae59c3e3424cf13dbd260f00f16bc6e3b8732ee13c2955e57ea0245cda55
2025/08/20 15:59:30.404021 📦 New Block: 1535 | 0 txns | hash=0xc2891035b883cceb4d04caa3e709dc15dc992a7c412db2831b68bbc06f4805e2
2025/08/20 15:59:42.409952 📦 New Block: 1536 | 0 txns | hash=0xde810cd8b311060449a7d9e43c83dec4ca1aa43f371d01af4f23f2852efb5a92
2025/08/20 15:59:54.380674 📦 New Block: 1537 | 0 txns | hash=0xae14a9055c793f54b513bdd340eae02126e5b2fb4be1b52899961de5e8fb2883
2025/08/20 16:00:06.374528 📦 New Block: 1538 | 0 txns | hash=0x82ad65d40c58cffea2e3673598fbf7d02bef57c91fa7735a481a87e055dab10f
2025/08/20 16:00:18.384517 📦 New Block: 1539 | 0 txns | hash=0x79cb8b3edb6938f156aed0797d8c50f16c505666c172fa2c372693d470398122
2025/08/20 16:00:30.371053 📦 New Block: 1540 | 0 txns | hash=0x03cb1ca58d855712f29edd31ec09c12616f3eea84f0d4d072b623730f4a7e047
2025/08/20 16:00:42.384043 📦 New Block: 1541 | 0 txns | hash=0x3fddd9a3c63699d652104162ec071aac724367e57f3ed1bb7b40924c3666be64
2025/08/20 16:00:54.447768 📦 New Block: 1542 | 0 txns | hash=0xbf50e0af0fc2d18c2625dbcb1053c9f3d74c249df6dd0fce0188ba250499a29b
2025/08/20 16:01:06.375731 📦 New Block: 1543 | 0 txns | hash=0x27aae313dfa8962131ebf4ccc8e1350e847d21651aaf9fed6eec8fecc399e68d
2025/08/20 16:01:18.374624 📦 New Block: 1544 | 0 txns | hash=0x942cb3e9cae8a5046bb657414c337f75f9acde7a852950fe2dc446361b27c264
2025/08/20 16:01:30.376320 📦 New Block: 1545 | 0 txns | hash=0x96afc53ec05c0a823d13ec4c2a06e0f9807c4a32b340500c5d42cf62cde0dcdc
2025/08/20 16:01:42.378377 📦 New Block: 1546 | 0 txns | hash=0xfa45d4d31c01e156edbec3ada5e082352844511fcf80885c353fe15288d77664
2025/08/20 16:01:54.374358 📦 New Block: 1547 | 0 txns | hash=0x0832f959717a3b387698de6bbe4c32a9e9692c6dd3902318dd5f92310d3930ee
2025/08/20 16:02:06.374166 📦 New Block: 1548 | 0 txns | hash=0xa288520198ec337e35dbb27de19280883cb413344be2a050cbc90dd3792e35eb
2025/08/20 16:02:18.399728 📦 New Block: 1549 | 0 txns | hash=0x1d018bb6a58cedebeacaa1f360afbff9969eb0ad64d2ec7d405d928b2954cb7c
2025/08/20 16:02:30.379350 📦 New Block: 1550 | 0 txns | hash=0x13a98d8c5456cee41c41cb714928227208ef43c762fef5137141fef185e5a3ba
2025/08/20 16:02:42.373142 📦 New Block: 1551 | 0 txns | hash=0x2516874c4d44fc54cd441776da1f66c4c05d7c57193ddca501b853e41a65aeec
2025/08/20 16:02:54.381838 📦 New Block: 1552 | 0 txns | hash=0xc94ef7182053f19033f36b54ffb7305f8778dacb54ab8a446399214f37572dcc
2025/08/20 16:03:06.375552 📦 New Block: 1553 | 0 txns | hash=0xe8084088dfd476c8afb5f1ca858e564e77e0863a276dfebd9aed6d5243a6b370
2025/08/20 16:03:18.420562 📦 New Block: 1554 | 0 txns | hash=0x3bbc48ef975c5ed352bc4d5a227b0a0eb67674a48ed73b82fe57a565abc7cfa8
2025/08/20 16:03:30.392269 📦 New Block: 1555 | 0 txns | hash=0x6993ec6b9a5264082eaccacd15a59e3045124cfffcc5fc6b6209dd6b5be43f82
2025/08/20 16:03:42.372650 📦 New Block: 1556 | 0 txns | hash=0x0f1210fba4659fff51e60657ddf9756fd4f49d21cb901689bb9894c1ca4d4b14
2025/08/20 16:03:54.367284 📦 New Block: 1557 | 0 txns | hash=0x3cc3a00d0a1e0b57d1e2757333f300f3a0de1e436e13770226c01fbd4651f3c2
2025/08/20 16:04:06.373835 📦 New Block: 1558 | 0 txns | hash=0x7e720c2252631c4815b987349e276828c1df7820a0877aa4ccd341835211bb74
2025/08/20 16:04:18.392085 📦 New Block: 1559 | 0 txns | hash=0xfe64aff4538ed5f32646847a34b7a2e182aaff6a5fb5a03eac88291e992c8e5c
2025/08/20 16:04:30.378999 📦 New Block: 1560 | 0 txns | hash=0x755817c085d100bc1fc69efb5b0b14f643a88dbd5d73d904c5011f8970f6e998
2025/08/20 16:04:42.384178 📦 New Block: 1561 | 0 txns | hash=0x3e793add10ecf2eba163e2be463a325ca36179a35ee175e8e6515e26fbab7765
2025/08/20 16:04:54.386696 📦 New Block: 1562 | 0 txns | hash=0x605f7a3976ec00a597cc7170d9505c0daff0f64a2e1c3bdb17bbb8fd92ab8a46
2025/08/20 16:05:06.372662 📦 New Block: 1563 | 0 txns | hash=0x2529025ce5f9dd720b7d86f3bec75515f87bf014900ba00a4de4215fe60f3ee3
2025/08/20 16:05:18.387161 📦 New Block: 1564 | 0 txns | hash=0x1162464d7a72de1ce870a27f9e55e8400a546e69006f2ddb1f7bc8a21f4d474c
2025/08/20 16:05:30.364055 📦 New Block: 1565 | 0 txns | hash=0x77f175fafd0cf63161863f0a0b58f43aabe81617acfef1951d5309f4ce8ec590
2025/08/20 16:05:42.381483 📦 New Block: 1566 | 0 txns | hash=0xe79a1ba4c1135bb52d9d7643f26bcff2ab11fac34b44987377496bfba4010ba0
2025/08/20 16:05:54.362477 📦 New Block: 1567 | 0 txns | hash=0x07f3043b3eb87843038ac21ab0edb50bc83dff7b75281525ec89a45d6b509283
2025/08/20 16:06:06.377893 📦 New Block: 1568 | 0 txns | hash=0x57bf5778bbbbf4754ebb3ff0a5e8d3bf52807972c8810978c428dc79988f41f0
2025/08/20 16:06:18.396432 📦 New Block: 1569 | 0 txns | hash=0xa492cc6df46e1284b54ae2c86f4501be96ab6d14bd056b1ccd3da32eb6927911
2025/08/20 16:06:30.396383 📦 New Block: 1570 | 0 txns | hash=0x28f7f8faf59ebd9fbeb575359bb2967eb4f4751eb47cfd3e5c1079548bae1b52
2025/08/20 16:06:42.370462 📦 New Block: 1571 | 0 txns | hash=0x760dc219f5e1ea6cbb8d89bfd3683d2c358c3bcee69ced0f48204b787aa52208
2025/08/20 16:06:54.362460 📦 New Block: 1572 | 0 txns | hash=0x7fce687f795dd9b093ba6bbc7517ca51e63db70f34a123a4c10bb0f441144a8b
2025/08/20 16:07:06.386682 📦 New Block: 1573 | 0 txns | hash=0xe6286553a747aa0a68da0065f78768a4ca4a74295b6d3ce1a619d46fe2134769
2025/08/20 16:07:18.517346 📦 New Block: 1574 | 0 txns | hash=0xa632d03c6993f73bd49420188074a544e71688358adfd68d6e3b14317d5edda3
2025/08/20 16:07:30.340937 📦 New Block: 1575 | 0 txns | hash=0xcf4b1648a65a378269ecf5be3c26012bf6d6c70d7a18407d9e8b6d41cc6ba78e
2025/08/20 16:07:42.352702 📦 New Block: 1576 | 0 txns | hash=0x052b033e29e0f1110fd056183032d122e63027d631dcd981f9f07c2e675762d9
2025/08/20 16:07:54.362692 📦 New Block: 1577 | 0 txns | hash=0xc66730230ea0b2d6196090e1a1eb1fe7dd9361e42da9cb14d1b2a8b540fb28de
2025/08/20 16:08:06.334890 📦 New Block: 1578 | 0 txns | hash=0xa10e56fca3647363eb81f0b4a8d74639f3c93591d09f041c8d58b30c8045d92e
2025/08/20 16:08:18.409283 📦 New Block: 1579 | 0 txns | hash=0x9c5debfbfd17c2330c84d31d0aea0040f56af4ef94512198829874e5edde522e
2025/08/20 16:08:30.367893 📦 New Block: 1580 | 0 txns | hash=0xa740867c5226c0eb7dc04bbfde27bed5a2e5d49a12893863cf7416c43b676127
2025/08/20 16:08:42.378455 📦 New Block: 1581 | 0 txns | hash=0xffb12ee929be2b3d6fbafec0ca1a29c941796f5c9cbf6b454d2ad06890baa0af
2025/08/20 16:08:54.377165 📦 New Block: 1582 | 0 txns | hash=0x8f2d80e7c25ef1c5546194cdcf811f2f380eb86bd9adaae3dab594ce1c295a9f
2025/08/20 16:08:58.791589 👋 Shutting down…
